Evaluating: arg0
Result: Object
Evaluating: in(pair['key'], 'condition', 'continueOnError', 'displayName', 'target', 'enabled', 'env', 'name', 'timeoutInMinutes', 'retryCountOnTaskFailure')
Expanded: in('checkout', 'condition', 'continueOnError', 'displayName', 'target', 'enabled', 'env', 'name', 'timeoutInMinutes', 'retryCountOnTaskFailure')
Result: False
Evaluating: in(pair['key'], 'condition', 'continueOnError', 'displayName', 'target', 'enabled', 'env', 'name', 'timeoutInMinutes', 'retryCountOnTaskFailure')
Expanded: in('fetchDepth', 'condition', 'continueOnError', 'displayName', 'target', 'enabled', 'env', 'name', 'timeoutInMinutes', 'retryCountOnTaskFailure')
Result: False
Result: Object
Evaluating: value['checkout']
Result: 'self'
Evaluating: value
Result: Object
Evaluating: in(pair['key'], 'clean', 'fetchDepth', 'fetchFilter', 'fetchTags', 'lfs', 'persistCredentials', 'submodules', 'path', 'workspaceRepo', 'sparseCheckoutDirectories', 'sparseCheckoutPatterns')
Expanded: in('checkout', 'clean', 'fetchDepth', 'fetchFilter', 'fetchTags', 'lfs', 'persistCredentials', 'submodules', 'path', 'workspaceRepo', 'sparseCheckoutDirectories', 'sparseCheckoutPatterns')
Result: False
Evaluating: in(pair['key'], 'clean', 'fetchDepth', 'fetchFilter', 'fetchTags', 'lfs', 'persistCredentials', 'submodules', 'path', 'workspaceRepo', 'sparseCheckoutDirectories', 'sparseCheckoutPatterns')
Expanded: in('fetchDepth', 'clean', 'fetchDepth', 'fetchFilter', 'fetchTags', 'lfs', 'persistCredentials', 'submodules', 'path', 'workspaceRepo', 'sparseCheckoutDirectories', 'sparseCheckoutPatterns')
Result: True
Evaluating: pair['key']
Result: 'fetchDepth'
Evaluating: pair['value']
Result: '2'
End transform: step
Begin transform: step
Evaluating: transform('stepToTaskBaseProperties', value)
Evaluating: arg0
Result: Object
Evaluating: in(pair['key'], 'condition', 'continueOnError', 'displayName', 'target', 'enabled', 'env', 'name', 'timeoutInMinutes', 'retryCountOnTaskFailure')
Expanded: in('bash', 'condition', 'continueOnError', 'displayName', 'target', 'enabled', 'env', 'name', 'timeoutInMinutes', 'retryCountOnTaskFailure')
Result: False
Evaluating: in(pair['key'], 'condition', 'continueOnError', 'displayName', 'target', 'enabled', 'env', 'name', 'timeoutInMinutes', 'retryCountOnTaskFailure')
Expanded: in('displayName', 'condition', 'continueOnError', 'displayName', 'target', 'enabled', 'env', 'name', 'timeoutInMinutes', 'retryCountOnTaskFailure')
Result: True
Evaluating: pair['key']
Result: 'displayName'
Evaluating: pair['value']
Result: 'Obtain commit message'
Result: Object
Evaluating: value['bash']
Result: 'git_log=`git log --max-count=1 --skip=1 --pretty=format:"%B" | tr "\n" " "`
echo "##vso[task.setvariable variable=log]$git_log"
'
Evaluating: value['failOnStderr']
Expanded: Null
Result: False
Evaluating: value['workingDirectory']
Expanded: Null
Result: False
End transform: step
Begin transform: step
Evaluating: transform('stepToTaskBaseProperties', value)
Evaluating: arg0
Result: Object
Evaluating: in(pair['key'], 'condition', 'continueOnError', 'displayName', 'target', 'enabled', 'env', 'name', 'timeoutInMinutes', 'retryCountOnTaskFailure')
Expanded: in('bash', 'condition', 'continueOnError', 'displayName', 'target', 'enabled', 'env', 'name', 'timeoutInMinutes', 'retryCountOnTaskFailure')
Result: False
Evaluating: in(pair['key'], 'condition', 'continueOnError', 'displayName', 'target', 'enabled', 'env', 'name', 'timeoutInMinutes', 'retryCountOnTaskFailure')
Expanded: in('condition', 'condition', 'continueOnError', 'displayName', 'target', 'enabled', 'env', 'name', 'timeoutInMinutes', 'retryCountOnTaskFailure')
Result: True
Evaluating: pair['key']
Result: 'condition'
Evaluating: pair['value']
Result: 'or(contains(variables.log, ''[skip azp]''), contains(variables.log, ''[azp skip]''), contains(variables.log, ''[skip ci]''), contains(variables.log, ''[ci skip]''))'
Evaluating: in(pair['key'], 'condition', 'continueOnError', 'displayName', 'target', 'enabled', 'env', 'name', 'timeoutInMinutes', 'retryCountOnTaskFailure')
Expanded: in('displayName', 'condition', 'continueOnError', 'displayName', 'target', 'enabled', 'env', 'name', 'timeoutInMinutes', 'retryCountOnTaskFailure')
Result: True
Evaluating: pair['key']
Result: 'displayName'
Evaluating: pair['value']
Result: 'Skip build?'
Result: Object
Evaluating: value['bash']
Result: 'echo "##vso[task.setvariable variable=RET]false"'
Evaluating: value['failOnStderr']
Expanded: Null
Result: False
Evaluating: value['workingDirectory']
Expanded: Null
Result: False
End transform: step
Begin transform: step
Evaluating: transform('stepToTaskBaseProperties', value)
Evaluating: arg0
Result: Object
Evaluating: in(pair['key'], 'condition', 'continueOnError', 'displayName', 'target', 'enabled', 'env', 'name', 'timeoutInMinutes', 'retryCountOnTaskFailure')
Expanded: in('bash', 'condition', 'continueOnError', 'displayName', 'target', 'enabled', 'env', 'name', 'timeoutInMinutes', 'retryCountOnTaskFailure')
Result: False
Evaluating: in(pair['key'], 'condition', 'continueOnError', 'displayName', 'target', 'enabled', 'env', 'name', 'timeoutInMinutes', 'retryCountOnTaskFailure')
Expanded: in('name', 'condition', 'continueOnError', 'displayName', 'target', 'enabled', 'env', 'name', 'timeoutInMinutes', 'retryCountOnTaskFailure')
Result: True
Evaluating: pair['key']
Result: 'name'
Evaluating: pair['value']
Result: 'result'
Evaluating: in(pair['key'], 'condition', 'continueOnError', 'displayName', 'target', 'enabled', 'env', 'name', 'timeoutInMinutes', 'retryCountOnTaskFailure')
Expanded: in('displayName', 'condition', 'continueOnError', 'displayName', 'target', 'enabled', 'env', 'name', 'timeoutInMinutes', 'retryCountOnTaskFailure')
Result: True
Evaluating: pair['key']
Result: 'displayName'
Evaluating: pair['value']
Result: 'Export result'
Result: Object
Evaluating: value['bash']
Result: 'echo "##vso[task.setvariable variable=start_main;isOutput=true]$RET"'
Evaluating: value['failOnStderr']
Expanded: Null
Result: False
Evaluating: value['workingDirectory']
Expanded: Null
Result: False
End transform: step
Begin transform: jobDependsOn
Evaluating: value
Expanded: 'Check'
Result: True
Evaluating: value
Result: 'Check'
End transform: jobDependsOn
Begin load: jobsTemplateReference
Begin evaluating template '/.azure-pipelines/azure-pipelines-linux.yml'
Begin transform: step
Evaluating: transform('stepToTaskBaseProperties', value)
Evaluating: arg0
Result: Object
Evaluating: in(pair['key'], 'condition', 'continueOnError', 'displayName', 'target', 'enabled', 'env', 'name', 'timeoutInMinutes', 'retryCountOnTaskFailure')
Expanded: in('script', 'condition', 'continueOnError', 'displayName', 'target', 'enabled', 'env', 'name', 'timeoutInMinutes', 'retryCountOnTaskFailure')
Result: False
Evaluating: in(pair['key'], 'condition', 'continueOnError', 'displayName', 'target', 'enabled', 'env', 'name', 'timeoutInMinutes', 'retryCountOnTaskFailure')
Expanded: in('displayName', 'condition', 'continueOnError', 'displayName', 'target', 'enabled', 'env', 'name', 'timeoutInMinutes', 'retryCountOnTaskFailure')
Result: True
Evaluating: pair['key']
Result: 'displayName'
Evaluating: pair['value']
Result: 'Manage disk space'
Result: Object
Evaluating: value['script']
Result: 'sudo mkdir -p /opt/empty_dir
for d in \
    /opt/ghc \
    /opt/hostedtoolcache \
    /usr/lib/jvm \
    /usr/local/.ghcup \
    /usr/local/android \
    /usr/local/powershell \
    /usr/share/dotnet \
    /usr/share/swift \
    ; do
    sudo rsync --stats -a --delete /opt/empty_dir/ $d || true
done
'
Evaluating: value['failOnStderr']
Expanded: Null
Result: False
Evaluating: value['workingDirectory']
Expanded: Null
Result: False
End transform: step
Begin transform: step
Evaluating: transform('stepToTaskBaseProperties', value)
Evaluating: arg0
Result: Object
Evaluating: in(pair['key'], 'condition', 'continueOnError', 'displayName', 'target', 'enabled', 'env', 'name', 'timeoutInMinutes', 'retryCountOnTaskFailure')
Expanded: in('script', 'condition', 'continueOnError', 'displayName', 'target', 'enabled', 'env', 'name', 'timeoutInMinutes', 'retryCountOnTaskFailure')
Result: False
Evaluating: in(pair['key'], 'condition', 'continueOnError', 'displayName', 'target', 'enabled', 'env', 'name', 'timeoutInMinutes', 'retryCountOnTaskFailure')
Expanded: in('displayName', 'condition', 'continueOnError', 'displayName', 'target', 'enabled', 'env', 'name', 'timeoutInMinutes', 'retryCountOnTaskFailure')
Result: True
Evaluating: pair['key']
Result: 'displayName'
Evaluating: pair['value']
Result: 'Create swap file'
Result: Object
Evaluating: value['script']
Result: 'SWAPFILE=/swapfile
# If there is already a swapfile, disable it and remove it
if swapon --show | grep -q $SWAPFILE; then
    echo "Disabling existing swapfile..."
    sudo swapoff $SWAPFILE || true
fi
[ -f "$SWAPFILE" ] && sudo rm -f $SWAPFILE
sudo fallocate -l 10GiB $SWAPFILE
sudo chmod 600 $SWAPFILE
sudo mkswap $SWAPFILE
sudo swapon $SWAPFILE
'
Evaluating: value['failOnStderr']
Expanded: Null
Result: False
Evaluating: value['workingDirectory']
Expanded: Null
Result: False
End transform: step
Begin transform: step
Evaluating: transform('stepToTaskBaseProperties', value)
Evaluating: arg0
Result: Object
Evaluating: in(pair['key'], 'condition', 'continueOnError', 'displayName', 'target', 'enabled', 'env', 'name', 'timeoutInMinutes', 'retryCountOnTaskFailure')
Expanded: in('script', 'condition', 'continueOnError', 'displayName', 'target', 'enabled', 'env', 'name', 'timeoutInMinutes', 'retryCountOnTaskFailure')
Result: False
Evaluating: in(pair['key'], 'condition', 'continueOnError', 'displayName', 'target', 'enabled', 'env', 'name', 'timeoutInMinutes', 'retryCountOnTaskFailure')
Expanded: in('displayName', 'condition', 'continueOnError', 'displayName', 'target', 'enabled', 'env', 'name', 'timeoutInMinutes', 'retryCountOnTaskFailure')
Result: True
Evaluating: pair['key']
Result: 'displayName'
Evaluating: pair['value']
Result: 'Install dependencies'
Result: Object
Evaluating: value['script']
Result: '# sudo pip install --upgrade pip
sudo pip install setuptools shyaml
'
Evaluating: value['failOnStderr']
Expanded: Null
Result: False
Evaluating: value['workingDirectory']
Expanded: Null
Result: False
End transform: step
Begin transform: step
Evaluating: transform('stepToTaskBaseProperties', value)
Evaluating: arg0
Result: Object
Evaluating: in(pair['key'], 'condition', 'continueOnError', 'displayName', 'target', 'enabled', 'env', 'name', 'timeoutInMinutes', 'retryCountOnTaskFailure')
Expanded: in('script', 'condition', 'continueOnError', 'displayName', 'target', 'enabled', 'env', 'name', 'timeoutInMinutes', 'retryCountOnTaskFailure')
Result: False
Evaluating: in(pair['key'], 'condition', 'continueOnError', 'displayName', 'target', 'enabled', 'env', 'name', 'timeoutInMinutes', 'retryCountOnTaskFailure')
Expanded: in('displayName', 'condition', 'continueOnError', 'displayName', 'target', 'enabled', 'env', 'name', 'timeoutInMinutes', 'retryCountOnTaskFailure')
Result: True
Evaluating: pair['key']
Result: 'displayName'
Evaluating: pair['value']
Result: 'Run docker build'
Evaluating: in(pair['key'], 'condition', 'continueOnError', 'displayName', 'target', 'enabled', 'env', 'name', 'timeoutInMinutes', 'retryCountOnTaskFailure')
Expanded: in('name', 'condition', 'continueOnError', 'displayName', 'target', 'enabled', 'env', 'name', 'timeoutInMinutes', 'retryCountOnTaskFailure')
Result: True
Evaluating: pair['key']
Result: 'name'
Evaluating: pair['value']
Result: 'linux_64_build'
Result: Object
Evaluating: value['script']
Result: 'set -e

# make sure there is a package directory so that artifact publishing works
mkdir -p build_artifacts/{noarch,linux-64}/

export CI=azure
export CONFIG=linux64
export DOCKER_IMAGE=quay.io/condaforge/linux-anvil-x86_64:alma9
export AZURE=True
.scripts/run_docker_build.sh
'
Evaluating: value['failOnStderr']
Expanded: Null
Result: False
Evaluating: value['workingDirectory']
Expanded: Null
Result: False
End transform: step
Begin transform: step
Evaluating: transform('stepToTaskBaseProperties', value)
Evaluating: arg0
Result: Object
Evaluating: in(pair['key'], 'condition', 'continueOnError', 'displayName', 'target', 'enabled', 'env', 'name', 'timeoutInMinutes', 'retryCountOnTaskFailure')
Expanded: in('publish', 'condition', 'continueOnError', 'displayName', 'target', 'enabled', 'env', 'name', 'timeoutInMinutes', 'retryCountOnTaskFailure')
Result: False
Evaluating: in(pair['key'], 'condition', 'continueOnError', 'displayName', 'target', 'enabled', 'env', 'name', 'timeoutInMinutes', 'retryCountOnTaskFailure')
Expanded: in('artifact', 'condition', 'continueOnError', 'displayName', 'target', 'enabled', 'env', 'name', 'timeoutInMinutes', 'retryCountOnTaskFailure')
Result: False
Result: Object
Evaluating: value['publish']
Result: 'build_artifacts/linux-64/'
Evaluating: value['artifact']
Expanded: 'conda_pkgs_linux'
Result: True
Evaluating: value['artifact']
Result: 'conda_pkgs_linux'
End transform: step
Begin transform: step
Evaluating: transform('stepToTaskBaseProperties', value)
Evaluating: arg0
Result: Object
Evaluating: in(pair['key'], 'condition', 'continueOnError', 'displayName', 'target', 'enabled', 'env', 'name', 'timeoutInMinutes', 'retryCountOnTaskFailure')
Expanded: in('publish', 'condition', 'continueOnError', 'displayName', 'target', 'enabled', 'env', 'name', 'timeoutInMinutes', 'retryCountOnTaskFailure')
Result: False
Evaluating: in(pair['key'], 'condition', 'continueOnError', 'displayName', 'target', 'enabled', 'env', 'name', 'timeoutInMinutes', 'retryCountOnTaskFailure')
Expanded: in('artifact', 'condition', 'continueOnError', 'displayName', 'target', 'enabled', 'env', 'name', 'timeoutInMinutes', 'retryCountOnTaskFailure')
Result: False
Result: Object
Evaluating: value['publish']
Result: 'build_artifacts/noarch/'
Evaluating: value['artifact']
Expanded: 'conda_pkgs_noarch'
Result: True
Evaluating: value['artifact']
Result: 'conda_pkgs_noarch'
End transform: step
Begin transform: jobDependsOn
Evaluating: value
Expanded: 'linux_64'
Result: True
Evaluating: value
Result: 'linux_64'
End transform: jobDependsOn
Begin transform: step
Evaluating: transform('stepToTaskBaseProperties', value)
Evaluating: arg0
Result: Object
Evaluating: in(pair['key'], 'condition', 'continueOnError', 'displayName', 'target', 'enabled', 'env', 'name', 'timeoutInMinutes', 'retryCountOnTaskFailure')
Expanded: in('script', 'condition', 'continueOnError', 'displayName', 'target', 'enabled', 'env', 'name', 'timeoutInMinutes', 'retryCountOnTaskFailure')
Result: False
Evaluating: in(pair['key'], 'condition', 'continueOnError', 'displayName', 'target', 'enabled', 'env', 'name', 'timeoutInMinutes', 'retryCountOnTaskFailure')
Expanded: in('displayName', 'condition', 'continueOnError', 'displayName', 'target', 'enabled', 'env', 'name', 'timeoutInMinutes', 'retryCountOnTaskFailure')
Result: True
Evaluating: pair['key']
Result: 'displayName'
Evaluating: pair['value']
Result: 'Manage disk space'
Result: Object
Evaluating: value['script']
Result: 'sudo mkdir -p /opt/empty_dir
for d in \
    /opt/ghc \
    /opt/hostedtoolcache \
    /usr/lib/jvm \
    /usr/local/.ghcup \
    /usr/local/android \
    /usr/local/powershell \
    /usr/share/dotnet \
    /usr/share/swift \
    ; do
    sudo rsync --stats -a --delete /opt/empty_dir/ $d || true
done
'
Evaluating: value['failOnStderr']
Expanded: Null
Result: False
Evaluating: value['workingDirectory']
Expanded: Null
Result: False
End transform: step
Begin transform: step
Evaluating: transform('stepToTaskBaseProperties', value)
Evaluating: arg0
Result: Object
Evaluating: in(pair['key'], 'condition', 'continueOnError', 'displayName', 'target', 'enabled', 'env', 'name', 'timeoutInMinutes', 'retryCountOnTaskFailure')
Expanded: in('script', 'condition', 'continueOnError', 'displayName', 'target', 'enabled', 'env', 'name', 'timeoutInMinutes', 'retryCountOnTaskFailure')
Result: False
Evaluating: in(pair['key'], 'condition', 'continueOnError', 'displayName', 'target', 'enabled', 'env', 'name', 'timeoutInMinutes', 'retryCountOnTaskFailure')
Expanded: in('displayName', 'condition', 'continueOnError', 'displayName', 'target', 'enabled', 'env', 'name', 'timeoutInMinutes', 'retryCountOnTaskFailure')
Result: True
Evaluating: pair['key']
Result: 'displayName'
Evaluating: pair['value']
Result: 'Create swap file'
Result: Object
Evaluating: value['script']
Result: 'sudo fallocate -l 10GiB /swapfile || true
sudo chmod 600 /swapfile || true
sudo mkswap /swapfile || true
sudo swapon /swapfile || true
'
Evaluating: value['failOnStderr']
Expanded: Null
Result: False
Evaluating: value['workingDirectory']
Expanded: Null
Result: False
End transform: step
Begin transform: step
Evaluating: transform('stepToTaskBaseProperties', value)
Evaluating: arg0
Result: Object
Evaluating: in(pair['key'], 'condition', 'continueOnError', 'displayName', 'target', 'enabled', 'env', 'name', 'timeoutInMinutes', 'retryCountOnTaskFailure')
Expanded: in('script', 'condition', 'continueOnError', 'displayName', 'target', 'enabled', 'env', 'name', 'timeoutInMinutes', 'retryCountOnTaskFailure')
Result: False
Evaluating: in(pair['key'], 'condition', 'continueOnError', 'displayName', 'target', 'enabled', 'env', 'name', 'timeoutInMinutes', 'retryCountOnTaskFailure')
Expanded: in('displayName', 'condition', 'continueOnError', 'displayName', 'target', 'enabled', 'env', 'name', 'timeoutInMinutes', 'retryCountOnTaskFailure')
Result: True
Evaluating: pair['key']
Result: 'displayName'
Evaluating: pair['value']
Result: 'Install dependencies'
Result: Object
Evaluating: value['script']
Result: '# sudo pip install --upgrade pip
sudo pip install setuptools shyaml
'
Evaluating: value['failOnStderr']
Expanded: Null
Result: False
Evaluating: value['workingDirectory']
Expanded: Null
Result: False
End transform: step
Begin transform: step
Evaluating: transform('stepToTaskBaseProperties', value)
Evaluating: arg0
Result: Object
Evaluating: in(pair['key'], 'condition', 'continueOnError', 'displayName', 'target', 'enabled', 'env', 'name', 'timeoutInMinutes', 'retryCountOnTaskFailure')
Expanded: in('script', 'condition', 'continueOnError', 'displayName', 'target', 'enabled', 'env', 'name', 'timeoutInMinutes', 'retryCountOnTaskFailure')
Result: False
Evaluating: in(pair['key'], 'condition', 'continueOnError', 'displayName', 'target', 'enabled', 'env', 'name', 'timeoutInMinutes', 'retryCountOnTaskFailure')
Expanded: in('displayName', 'condition', 'continueOnError', 'displayName', 'target', 'enabled', 'env', 'name', 'timeoutInMinutes', 'retryCountOnTaskFailure')
Result: True
Evaluating: pair['key']
Result: 'displayName'
Evaluating: pair['value']
Result: 'Run docker build for CUDA 12.9'
Result: Object
Evaluating: value['script']
Result: 'set -e

# make sure there is a package directory so that artifact publishing works
mkdir -p build_artifacts/linux-64/

export CI=azure
export CONFIG=linux64_cuda129
export DOCKER_IMAGE=quay.io/condaforge/linux-anvil-x86_64:alma9
export AZURE=True
.scripts/run_docker_build.sh
'
Evaluating: value['failOnStderr']
Expanded: Null
Result: False
Evaluating: value['workingDirectory']
Expanded: Null
Result: False
End transform: step
Begin transform: step
Evaluating: transform('stepToTaskBaseProperties', value)
Evaluating: arg0
Result: Object
Evaluating: in(pair['key'], 'condition', 'continueOnError', 'displayName', 'target', 'enabled', 'env', 'name', 'timeoutInMinutes', 'retryCountOnTaskFailure')
Expanded: in('publish', 'condition', 'continueOnError', 'displayName', 'target', 'enabled', 'env', 'name', 'timeoutInMinutes', 'retryCountOnTaskFailure')
Result: False
Evaluating: in(pair['key'], 'condition', 'continueOnError', 'displayName', 'target', 'enabled', 'env', 'name', 'timeoutInMinutes', 'retryCountOnTaskFailure')
Expanded: in('artifact', 'condition', 'continueOnError', 'displayName', 'target', 'enabled', 'env', 'name', 'timeoutInMinutes', 'retryCountOnTaskFailure')
Result: False
Result: Object
Evaluating: value['publish']
Result: 'build_artifacts/linux-64/'
Evaluating: value['artifact']
Expanded: 'conda_pkgs_linux_64_cuda129'
Result: True
Evaluating: value['artifact']
Result: 'conda_pkgs_linux_64_cuda129'
End transform: step
Begin transform: jobsTemplate
Evaluating: value['jobs']
Expanded: Object
Result: True
Evaluating: value['jobs']
Result: Object
End transform: jobsTemplate
Finished evaluating template '/.azure-pipelines/azure-pipelines-linux.yml'
End load: jobsTemplateReference
Begin load: jobsTemplateReference
Begin evaluating template '/.azure-pipelines/azure-pipelines-osx.yml'
Begin transform: step
Evaluating: transform('stepToTaskBaseProperties', value)
Evaluating: arg0
Result: Object
Evaluating: in(pair['key'], 'condition', 'continueOnError', 'displayName', 'target', 'enabled', 'env', 'name', 'timeoutInMinutes', 'retryCountOnTaskFailure')
Expanded: in('script', 'condition', 'continueOnError', 'displayName', 'target', 'enabled', 'env', 'name', 'timeoutInMinutes', 'retryCountOnTaskFailure')
Result: False
Evaluating: in(pair['key'], 'condition', 'continueOnError', 'displayName', 'target', 'enabled', 'env', 'name', 'timeoutInMinutes', 'retryCountOnTaskFailure')
Expanded: in('displayName', 'condition', 'continueOnError', 'displayName', 'target', 'enabled', 'env', 'name', 'timeoutInMinutes', 'retryCountOnTaskFailure')
Result: True
Evaluating: pair['key']
Result: 'displayName'
Evaluating: pair['value']
Result: 'Run OSX build'
Evaluating: in(pair['key'], 'condition', 'continueOnError', 'displayName', 'target', 'enabled', 'env', 'name', 'timeoutInMinutes', 'retryCountOnTaskFailure')
Expanded: in('env', 'condition', 'continueOnError', 'displayName', 'target', 'enabled', 'env', 'name', 'timeoutInMinutes', 'retryCountOnTaskFailure')
Result: True
Evaluating: pair['key']
Result: 'env'
Evaluating: pair['value']
Result: Object
Result: Object
Evaluating: value['script']
Result: './.scripts/run_osx_build.sh
'
Evaluating: value['failOnStderr']
Expanded: Null
Result: False
Evaluating: value['workingDirectory']
Expanded: Null
Result: False
End transform: step
Begin transform: step
Evaluating: transform('stepToTaskBaseProperties', value)
Evaluating: arg0
Result: Object
Evaluating: in(pair['key'], 'condition', 'continueOnError', 'displayName', 'target', 'enabled', 'env', 'name', 'timeoutInMinutes', 'retryCountOnTaskFailure')
Expanded: in('publish', 'condition', 'continueOnError', 'displayName', 'target', 'enabled', 'env', 'name', 'timeoutInMinutes', 'retryCountOnTaskFailure')
Result: False
Evaluating: in(pair['key'], 'condition', 'continueOnError', 'displayName', 'target', 'enabled', 'env', 'name', 'timeoutInMinutes', 'retryCountOnTaskFailure')
Expanded: in('artifact', 'condition', 'continueOnError', 'displayName', 'target', 'enabled', 'env', 'name', 'timeoutInMinutes', 'retryCountOnTaskFailure')
Result: False
Result: Object
Evaluating: value['publish']
Result: '/Users/runner/bld/osx-64/'
Evaluating: value['artifact']
Expanded: 'conda_pkgs_osx'
Result: True
Evaluating: value['artifact']
Result: 'conda_pkgs_osx'
End transform: step
Begin transform: jobsTemplate
Evaluating: value['jobs']
Expanded: Object
Result: True
Evaluating: value['jobs']
Result: Object
End transform: jobsTemplate
Finished evaluating template '/.azure-pipelines/azure-pipelines-osx.yml'
End load: jobsTemplateReference
Begin load: jobsTemplateReference
Begin evaluating template '/.azure-pipelines/azure-pipelines-win.yml'
Begin transform: step
Evaluating: transform('stepToTaskBaseProperties', value)
Evaluating: arg0
Result: Object
Evaluating: in(pair['key'], 'condition', 'continueOnError', 'displayName', 'target', 'enabled', 'env', 'name', 'timeoutInMinutes', 'retryCountOnTaskFailure')
Expanded: in('script', 'condition', 'continueOnError', 'displayName', 'target', 'enabled', 'env', 'name', 'timeoutInMinutes', 'retryCountOnTaskFailure')
Result: False
Evaluating: in(pair['key'], 'condition', 'continueOnError', 'displayName', 'target', 'enabled', 'env', 'name', 'timeoutInMinutes', 'retryCountOnTaskFailure')
Expanded: in('displayName', 'condition', 'continueOnError', 'displayName', 'target', 'enabled', 'env', 'name', 'timeoutInMinutes', 'retryCountOnTaskFailure')
Result: True
Evaluating: pair['key']
Result: 'displayName'
Evaluating: pair['value']
Result: 'Build recipes'
Evaluating: in(pair['key'], 'condition', 'continueOnError', 'displayName', 'target', 'enabled', 'env', 'name', 'timeoutInMinutes', 'retryCountOnTaskFailure')
Expanded: in('env', 'condition', 'continueOnError', 'displayName', 'target', 'enabled', 'env', 'name', 'timeoutInMinutes', 'retryCountOnTaskFailure')
Result: True
Evaluating: pair['key']
Result: 'env'
Evaluating: pair['value']
Result: Object
Result: Object
Evaluating: value['script']
Result: 'call .scripts\run_win_build.bat
'
Evaluating: value['failOnStderr']
Expanded: Null
Result: False
Evaluating: value['workingDirectory']
Expanded: Null
Result: False
End transform: step
Begin transform: step
Evaluating: transform('stepToTaskBaseProperties', value)
Evaluating: arg0
Result: Object
Evaluating: in(pair['key'], 'condition', 'continueOnError', 'displayName', 'target', 'enabled', 'env', 'name', 'timeoutInMinutes', 'retryCountOnTaskFailure')
Expanded: in('publish', 'condition', 'continueOnError', 'displayName', 'target', 'enabled', 'env', 'name', 'timeoutInMinutes', 'retryCountOnTaskFailure')
Result: False
Evaluating: in(pair['key'], 'condition', 'continueOnError', 'displayName', 'target', 'enabled', 'env', 'name', 'timeoutInMinutes', 'retryCountOnTaskFailure')
Expanded: in('artifact', 'condition', 'continueOnError', 'displayName', 'target', 'enabled', 'env', 'name', 'timeoutInMinutes', 'retryCountOnTaskFailure')
Result: False
Result: Object
Evaluating: value['publish']
Result: 'D:\\bld\\win-64\\'
Evaluating: value['artifact']
Expanded: 'conda_pkgs_win'
Result: True
Evaluating: value['artifact']
Result: 'conda_pkgs_win'
End transform: step
Begin transform: jobsTemplate
Evaluating: value['jobs']
Expanded: Object
Result: True
Evaluating: value['jobs']
Result: Object
End transform: jobsTemplate
Finished evaluating template '/.azure-pipelines/azure-pipelines-win.yml'
End load: jobsTemplateReference
Finished evaluating template '/azure-pipelines.yml'
Load Time: 00:00:00.6089842
Estimated Memory: 47,100 bytes (Max: 20,971,520)
Parser Event Count: 3,182 (Max: 10,000,000)
Greatest Parser Depth: 20 (Max: 100)
File Count: 4 (Max: 100)
Greatest File Size: 3,227 (Max: 1,048,576)
---
2026-04-17T20:48:28.3825527Z ##[section]Starting: Prepare job Skip
2026-04-17T20:48:28.3984334Z Variables:
2026-04-17T20:48:28.3984334Z ContinueOnError: False
2026-04-17T20:48:28.3984334Z TimeoutInMinutes: 60
2026-04-17T20:48:28.3984334Z CancelTimeoutInMinutes: 5
2026-04-17T20:48:28.3984334Z Expand:
2026-04-17T20:48:28.3984334Z   MaxConcurrency: 0
2026-04-17T20:48:28.4235324Z   ########## System Pipeline Decorator(s) ##########

2026-04-17T20:48:28.4235324Z   Begin evaluating template 'system-pre-steps.yml'
Evaluating: eq('true', variables['system.debugContext'])
Expanded: eq('true', Null)
Result: False
Evaluating: resources['repositories']['self']
Expanded: Object
Result: True
Evaluating: not(containsValue(job['steps']['*']['task']['id'], '6d15af64-176c-496d-b583-fd2ae21d4df4'))
Expanded: not(containsValue(Object, '6d15af64-176c-496d-b583-fd2ae21d4df4'))
Result: False
Finished evaluating template 'system-pre-steps.yml'
********************************************************************************
Template and static variable resolution complete. Final runtime YAML document:
steps: []


2026-04-17T20:48:28.4235324Z   MaxConcurrency: 0
2026-04-17T20:48:28.4280218Z ##[section]Finishing: Prepare job Skip
---
2026-04-17T20:48:44.9810422Z ##[section]Starting: Prepare job win_64
2026-04-17T20:48:45.0095029Z Variables:
2026-04-17T20:48:45.0095029Z ContinueOnError: False
2026-04-17T20:48:45.0095029Z TimeoutInMinutes: 360
2026-04-17T20:48:45.0095029Z CancelTimeoutInMinutes: 5
2026-04-17T20:48:45.0095029Z Expand:
2026-04-17T20:48:45.0095029Z   Matrix: 
{
  "win": {
    "CONFIG": "win64"
  }
}
2026-04-17T20:48:45.0172620Z   ########## System Pipeline Decorator(s) ##########

2026-04-17T20:48:45.0172620Z   Begin evaluating template 'system-pre-steps.yml'
Evaluating: eq('true', variables['system.debugContext'])
Expanded: eq('true', Null)
Result: False
Evaluating: resources['repositories']['self']
Expanded: Object
Result: True
Evaluating: not(containsValue(job['steps']['*']['task']['id'], '6d15af64-176c-496d-b583-fd2ae21d4df4'))
Expanded: not(containsValue(Object, '6d15af64-176c-496d-b583-fd2ae21d4df4'))
Result: True
Evaluating: resources['repositories']['self']['checkoutOptions']
Result: Object
Evaluating: pair['key']
Result: 'clean'
Evaluating: pair['value']
Result: 'false'
Evaluating: pair['key']
Result: 'fetchDepth'
Evaluating: pair['value']
---
2026-04-17T20:48:44.9810422Z ##[section]Starting: Prepare job osx
2026-04-17T20:48:45.0104487Z Variables:
2026-04-17T20:48:45.0104487Z ContinueOnError: False
2026-04-17T20:48:45.0104487Z TimeoutInMinutes: 360
2026-04-17T20:48:45.0104487Z CancelTimeoutInMinutes: 5
2026-04-17T20:48:45.0104487Z Expand:
2026-04-17T20:48:45.0104487Z   Matrix: 
{
  "osx_64": {
    "CONFIG": "osx64"
  }
}
2026-04-17T20:48:45.0183005Z   ########## System Pipeline Decorator(s) ##########

2026-04-17T20:48:45.0183005Z   Begin evaluating template 'system-pre-steps.yml'
Evaluating: eq('true', variables['system.debugContext'])
Expanded: eq('true', Null)
Result: False
Evaluating: resources['repositories']['self']
Expanded: Object
Result: True
Evaluating: not(containsValue(job['steps']['*']['task']['id'], '6d15af64-176c-496d-b583-fd2ae21d4df4'))
Expanded: not(containsValue(Object, '6d15af64-176c-496d-b583-fd2ae21d4df4'))
Result: True
Evaluating: resources['repositories']['self']['checkoutOptions']
Result: Object
Evaluating: pair['key']
Result: 'clean'
Evaluating: pair['value']
Result: 'false'
Evaluating: pair['key']
Result: 'fetchDepth'
Evaluating: pair['value']
---
2026-04-17T20:48:44.9810422Z ##[section]Starting: Prepare job linux_64
2026-04-17T20:48:45.0095029Z Variables:
2026-04-17T20:48:45.0095029Z ContinueOnError: False
2026-04-17T20:48:45.0095029Z TimeoutInMinutes: 360
2026-04-17T20:48:45.0095029Z CancelTimeoutInMinutes: 5
2026-04-17T20:48:45.0095029Z Expand:
2026-04-17T20:48:45.0095029Z   MaxConcurrency: 0
2026-04-17T20:48:45.0172620Z   ########## System Pipeline Decorator(s) ##########

2026-04-17T20:48:45.0172620Z   Begin evaluating template 'system-pre-steps.yml'
Evaluating: eq('true', variables['system.debugContext'])
Expanded: eq('true', Null)
Result: False
Evaluating: resources['repositories']['self']
Expanded: Object
Result: True
Evaluating: not(containsValue(job['steps']['*']['task']['id'], '6d15af64-176c-496d-b583-fd2ae21d4df4'))
Expanded: not(containsValue(Object, '6d15af64-176c-496d-b583-fd2ae21d4df4'))
Result: True
Evaluating: resources['repositories']['self']['checkoutOptions']
Result: Object
Evaluating: pair['key']
Result: 'clean'
Evaluating: pair['value']
Result: 'false'
Evaluating: pair['key']
Result: 'fetchDepth'
Evaluating: pair['value']
Result: '0'
Evaluating: pair['key']
Result: 'lfs'
Evaluating: pair['value']
Result: 'false'
---
2026-04-17T20:49:40.7973005Z   + tqdm                                       4.67.3  pyha7b4d00_0        conda-forge      93kB
2026-04-17T20:49:40.7973487Z   + click                                       8.3.2  pyh6dadd2b_0        conda-forge      97kB
2026-04-17T20:49:40.7973964Z   + exceptiongroup                              1.3.1  pyhd8ed1ab_0        conda-forge      21kB
2026-04-17T20:49:40.7974402Z   + h11                                        0.16.0  pyhcf101f3_1        conda-forge      39kB
2026-04-17T20:49:40.7974874Z   + typing-inspection                           0.4.2  pyhd8ed1ab_1        conda-forge      19kB
2026-04-17T20:49:40.7975369Z   + pyjwt                                      2.12.1  pyhcf101f3_0        conda-forge      32kB
2026-04-17T20:49:40.7975855Z   + typing-extensions                          4.15.0  h396c80c_0          conda-forge      91kB
2026-04-17T20:49:40.7976324Z   + m2-heimdal-libs                           7.8.0.5  hc364b38_6          conda-forge     978kB
2026-04-17T20:49:40.7976780Z   + m2-libgdbm                                 1.25.1  hc364b38_6          conda-forge      60kB
2026-04-17T20:49:40.7977283Z   + m2-libidn2                                2.3.8.1  hc364b38_6          conda-forge     200kB
2026-04-17T20:49:40.7977908Z   + m2-sed                                      4.9.1  hc364b38_6          conda-forge     292kB
2026-04-17T20:49:40.7978469Z   + m2-findutils                              4.9.0.3  hc364b38_6          conda-forge     554kB
2026-04-17T20:49:40.7979019Z   + m2-coreutils                               8.32.5  hc364b38_6          conda-forge       3MB
2026-04-17T20:49:40.7979505Z   + m2-nano                                     8.4.1  hc364b38_6          conda-forge     743kB
2026-04-17T20:49:40.7979987Z   + m2-gzip                                    1.14.1  hc364b38_6          conda-forge     133kB
2026-04-17T20:49:40.7980474Z   + jaraco.context                              6.1.1  pyhcf101f3_0        conda-forge      15kB
2026-04-17T20:49:40.7980934Z   + rich                                       15.0.0  pyhcf101f3_0        conda-forge     209kB
2026-04-17T20:49:40.7981370Z   + anyio                                      4.13.0  pyhcf101f3_0        conda-forge     147kB
2026-04-17T20:49:40.7981868Z   + annotated-types                             0.7.0  pyhd8ed1ab_1        conda-forge      18kB
2026-04-17T20:49:40.7982379Z   + beautifulsoup4                             4.14.3  pyha770c72_0        conda-forge      90kB
2026-04-17T20:49:40.7982877Z   + m2-heimdal                                7.8.0.5  hc364b38_6          conda-forge     604kB
2026-04-17T20:49:40.7983319Z   + m2-gdbm                                    1.25.1  hc364b38_6          conda-forge     255kB
2026-04-17T20:49:40.7983766Z   + m2-libpsl                                0.21.5.2  hc364b38_6          conda-forge      99kB
2026-04-17T20:49:40.7984242Z   + m2-info                                     7.2.1  hc364b38_6          conda-forge     231kB
2026-04-17T20:49:40.7984785Z   + typer                                      0.24.1  pyhcf101f3_0        conda-forge     116kB
2026-04-17T20:49:40.7985260Z   + httpcore                                    1.0.9  pyh29332c3_0        conda-forge      49kB
2026-04-17T20:49:40.7985716Z   + m2-openssh                                9.9p2.1  hc364b38_6          conda-forge       1MB
2026-04-17T20:49:40.7986171Z   + m2-perl                                  5.38.4.2  hc364b38_6          conda-forge       9MB
2026-04-17T20:49:40.7986658Z   + m2-libtasn1                              4.20.0.1  hc364b38_6          conda-forge     128kB
2026-04-17T20:49:40.7987140Z   + httpx                                      0.28.1  pyhd8ed1ab_0        conda-forge      63kB
2026-04-17T20:49:40.7987609Z   + m2-perl-timedate                           2.33.2  hc364b38_6          conda-forge      65kB
2026-04-17T20:49:40.7988053Z   + m2-perl-io-html                           1.004.2  hc364b38_6          conda-forge      45kB
2026-04-17T20:49:40.7988519Z   + m2-perl-clone                              0.47.1  hc364b38_6          conda-forge      40kB
--
2026-04-17T20:49:40.7993727Z   + m2-perl-encode-locale                      1.05.2  hc364b38_6          conda-forge      41kB
2026-04-17T20:49:40.7994293Z   + m2-perl-termreadkey                        2.38.6  hc364b38_6          conda-forge      51kB
2026-04-17T20:49:40.7994887Z   + m2-perl-error                           0.17030.1  hc364b38_6          conda-forge      51kB
2026-04-17T20:49:40.7995348Z   + m2-perl-authen-sasl                      2.1800.1  hc364b38_6          conda-forge      69kB
2026-04-17T20:49:40.7995821Z   + m2-libp11-kit                            0.25.5.2  hc364b38_6          conda-forge     323kB
2026-04-17T20:49:40.7996333Z   + m2-perl-mailtools                          2.22.1  hc364b38_6          conda-forge      89kB
2026-04-17T20:49:40.7996842Z   + m2-perl-io-socket-ssl                     2.089.1  hc364b38_6          conda-forge     206kB
2026-04-17T20:49:40.7997340Z   + m2-perl-www-robotrules                     6.02.3  hc364b38_6          conda-forge      42kB
2026-04-17T20:49:40.7997819Z   + m2-perl-http-cookiejar                    0.014.1  hc364b38_6          conda-forge      44kB
2026-04-17T20:49:40.7998331Z   + m2-perl-file-listing                       6.16.1  hc364b38_6          conda-forge      40kB
2026-04-17T20:49:40.7998844Z   + m2-perl-http-message                       7.00.1  hc364b38_6          conda-forge     106kB
2026-04-17T20:49:40.7999347Z   + m2-p11-kit                               0.25.5.2  hc364b38_6          conda-forge     569kB
2026-04-17T20:49:40.7999826Z   + m2-perl-mime-tools                        5.515.1  hc364b38_6          conda-forge     216kB
2026-04-17T20:49:40.8000287Z   + m2-perl-net-smtp-ssl                       1.04.2  hc364b38_6          conda-forge      35kB
2026-04-17T20:49:40.8000793Z   + m2-perl-http-negotiate                     6.01.3  hc364b38_6          conda-forge      43kB
2026-04-17T20:49:40.8001302Z   + m2-perl-http-daemon                        6.16.1  hc364b38_6          conda-forge      50kB
2026-04-17T20:49:40.8001810Z   + m2-perl-http-cookies                       6.11.1  hc364b38_6          conda-forge      52kB
2026-04-17T20:49:40.8002282Z   + m2-perl-html-parser                        3.83.1  hc364b38_6          conda-forge     111kB
2026-04-17T20:49:40.8002766Z   + m2-ca-certificates                     20241223.1  hc364b38_6          conda-forge     437kB
2026-04-17T20:49:40.8003272Z   + m2-perl-libwww                             6.78.1  hc364b38_6          conda-forge     165kB
2026-04-17T20:49:40.8003858Z   + m2-libssh2                               1.11.1.1  hc364b38_6          conda-forge     272kB
2026-04-17T20:49:40.8004337Z   + m2-libcurl                                8.9.1.1  hc364b38_6          conda-forge     368kB
2026-04-17T20:49:40.8004832Z   + m2-curl                                   8.9.1.1  hc364b38_6          conda-forge     857kB
2026-04-17T20:49:40.8005303Z   + m2-git                                   2.49.0.1  hc364b38_6          conda-forge      55MB
2026-04-17T20:49:40.8005790Z   + libmambapy                                  2.5.0  py312h26e665a_0     conda-forge     591kB
2026-04-17T20:49:40.8006285Z   + pywin32                                       311  py312h829343e_1     conda-forge       7MB
2026-04-17T20:49:40.8006754Z   + pywin32-ctypes                              0.2.3  py312h2e8e312_3     conda-forge      58kB
2026-04-17T20:49:40.8007214Z   + pillow                                     12.2.0  py312h31f0997_0     conda-forge     945kB
2026-04-17T20:49:40.8007701Z   + rpds-py                                    0.30.0  py312hdabe01f_0     conda-forge     244kB
2026-04-17T20:49:40.8008192Z   + brotli-python                               1.2.0  py312hc6d9e41_1     conda-forge     335kB
2026-04-17T20:49:40.8008688Z   + backports.zstd                              1.3.0  py312h06d0912_0     conda-forge     237kB
2026-04-17T20:49:40.8009150Z   + pycosat                                     0.6.6  py312he06e257_3     conda-forge      79kB
2026-04-17T20:49:40.8009744Z   + ruamel.yaml.clib                           0.2.15  py312he5662c2_1     conda-forge     106kB
--
2026-04-17T20:50:37.7578474Z distro                        1.9.0                  pyhd8ed1ab_1        conda-forge
2026-04-17T20:50:37.7578913Z evalidate                     2.0.5                  pyhe01879c_0        conda-forge
2026-04-17T20:50:37.7579403Z exceptiongroup                1.3.1                  pyhd8ed1ab_0        conda-forge
2026-04-17T20:50:37.7579855Z filelock                      3.28.0                 pyhd8ed1ab_0        conda-forge
2026-04-17T20:50:37.7580309Z fmt                           12.1.0                 h7f4e812_0          conda-forge
2026-04-17T20:50:37.7580753Z frozendict                    2.4.7                  py312he06e257_0     conda-forge
2026-04-17T20:50:37.7581268Z h11                           0.16.0                 pyhcf101f3_1        conda-forge
2026-04-17T20:50:37.7581708Z h2                            4.3.0                  pyhcf101f3_0        conda-forge
2026-04-17T20:50:37.7582122Z hpack                         4.1.0                  pyhd8ed1ab_0        conda-forge
2026-04-17T20:50:37.7582549Z httpcore                      1.0.9                  pyh29332c3_0        conda-forge
2026-04-17T20:50:37.7582977Z httpx                         0.28.1                 pyhd8ed1ab_0        conda-forge
2026-04-17T20:50:37.7583449Z hyperframe                    6.1.0                  pyhd8ed1ab_0        conda-forge
2026-04-17T20:50:37.7583893Z idna                          3.11                   pyhd8ed1ab_0        conda-forge
2026-04-17T20:50:37.7584317Z importlib-metadata            8.8.0                  pyhcf101f3_0        conda-forge
2026-04-17T20:50:37.7584774Z importlib_resources           7.1.0                  pyhd8ed1ab_0        conda-forge
2026-04-17T20:50:37.7585358Z jaraco.classes                3.4.0                  pyhcf101f3_3        conda-forge
2026-04-17T20:50:37.7585800Z jaraco.context                6.1.1                  pyhcf101f3_0        conda-forge
2026-04-17T20:50:37.7586343Z jaraco.functools              4.4.0                  pyhcf101f3_1        conda-forge
2026-04-17T20:50:37.7586768Z jinja2                        3.1.6                  pyhcf101f3_1        conda-forge
2026-04-17T20:50:37.7587255Z joblib                        1.5.3                  pyhd8ed1ab_0        conda-forge
2026-04-17T20:50:37.7587680Z jsonpatch                     1.33                   pyhd8ed1ab_1        conda-forge
2026-04-17T20:50:37.7588099Z jsonpointer                   3.1.1                  pyhcf101f3_0        conda-forge
2026-04-17T20:50:37.7588523Z jsonschema                    4.26.0                 pyhcf101f3_0        conda-forge
2026-04-17T20:50:37.7588970Z jsonschema-specifications     2025.9.1               pyhcf101f3_0        conda-forge
2026-04-17T20:50:37.7589428Z jupyter_core                  5.9.1                  pyh6dadd2b_0        conda-forge
2026-04-17T20:50:37.7589839Z keyring                       25.7.0                 pyh7428d3b_0        conda-forge
2026-04-17T20:50:37.7590284Z krb5                          1.22.2                 h0ea6238_0          conda-forge
2026-04-17T20:50:37.7590718Z lcms2                         2.18                   hf2c6c5f_0          conda-forge
2026-04-17T20:50:37.7591165Z lerc                          4.1.0                  hd936e49_0          conda-forge
2026-04-17T20:50:37.7591594Z libarchive                    3.8.7                  gpl_he24518a_100    conda-forge
2026-04-17T20:50:37.7592024Z libcurl                       8.19.0                 h8206538_0          conda-forge
2026-04-17T20:50:37.7592453Z libdeflate                    1.25                   h51727cc_0          conda-forge
2026-04-17T20:50:37.7592868Z libexpat                      2.7.5                  hac47afa_0          conda-forge
--
2026-04-17T20:50:37.7794456Z m2-perl-convert-binhex        1.125.2                hc364b38_6          conda-forge
2026-04-17T20:50:37.7794852Z m2-perl-encode-locale         1.05.2                 hc364b38_6          conda-forge
2026-04-17T20:50:37.7795284Z m2-perl-error                 0.17030.1              hc364b38_6          conda-forge
2026-04-17T20:50:37.7795673Z m2-perl-file-listing          6.16.1                 hc364b38_6          conda-forge
2026-04-17T20:50:37.7796063Z m2-perl-html-parser           3.83.1                 hc364b38_6          conda-forge
2026-04-17T20:50:37.7796458Z m2-perl-html-tagset           3.24.1                 hc364b38_6          conda-forge
2026-04-17T20:50:37.7796858Z m2-perl-http-cookiejar        0.014.1                hc364b38_6          conda-forge
2026-04-17T20:50:37.7797248Z m2-perl-http-cookies          6.11.1                 hc364b38_6          conda-forge
2026-04-17T20:50:37.7797637Z m2-perl-http-daemon           6.16.1                 hc364b38_6          conda-forge
2026-04-17T20:50:37.7798111Z m2-perl-http-date             6.06.1                 hc364b38_6          conda-forge
2026-04-17T20:50:37.7798500Z m2-perl-http-message          7.00.1                 hc364b38_6          conda-forge
2026-04-17T20:50:37.7798974Z m2-perl-http-negotiate        6.01.3                 hc364b38_6          conda-forge
2026-04-17T20:50:37.7799381Z m2-perl-io-html               1.004.2                hc364b38_6          conda-forge
2026-04-17T20:50:37.7799779Z m2-perl-io-socket-ip          0.41.2                 hc364b38_6          conda-forge
2026-04-17T20:50:37.7800172Z m2-perl-io-socket-ssl         2.089.1                hc364b38_6          conda-forge
2026-04-17T20:50:37.7800568Z m2-perl-io-stringy            2.113.2                hc364b38_6          conda-forge
2026-04-17T20:50:37.7800957Z m2-perl-libwww                6.78.1                 hc364b38_6          conda-forge
2026-04-17T20:50:37.7801427Z m2-perl-lwp-mediatypes        6.04.2                 hc364b38_6          conda-forge
2026-04-17T20:50:37.7801822Z m2-perl-mailtools             2.22.1                 hc364b38_6          conda-forge
2026-04-17T20:50:37.7802216Z m2-perl-mime-tools            5.515.1                hc364b38_6          conda-forge
2026-04-17T20:50:37.7802609Z m2-perl-net-http              6.23.1                 hc364b38_6          conda-forge
2026-04-17T20:50:37.7802995Z m2-perl-net-smtp-ssl          1.04.2                 hc364b38_6          conda-forge
2026-04-17T20:50:37.7803485Z m2-perl-net-ssleay            1.94.2                 hc364b38_6          conda-forge
2026-04-17T20:50:37.7803886Z m2-perl-termreadkey           2.38.6                 hc364b38_6          conda-forge
2026-04-17T20:50:37.7804279Z m2-perl-timedate              2.33.2                 hc364b38_6          conda-forge
2026-04-17T20:50:37.7804674Z m2-perl-try-tiny              0.32.1                 hc364b38_6          conda-forge
2026-04-17T20:50:37.7805052Z m2-perl-uri                   5.31.1                 hc364b38_6          conda-forge
2026-04-17T20:50:37.7805428Z m2-perl-www-robotrules        6.02.3                 hc364b38_6          conda-forge
2026-04-17T20:50:37.7805805Z m2-sed                        4.9.1                  hc364b38_6          conda-forge
2026-04-17T20:50:37.7806183Z m2-zlib                       1.3.1.1                hc364b38_6          conda-forge
2026-04-17T20:50:37.7806548Z mamba                         2.5.0                  hf588a56_0          conda-forge
2026-04-17T20:50:37.7806929Z markdown-it-py                4.0.0                  pyhd8ed1ab_0        conda-forge
2026-04-17T20:50:37.7807307Z markupsafe                    3.0.3                  py312h05f76fc_1     conda-forge
--
2026-04-17T20:56:37.0308501Z EnvironmentLocationNotFound: Not a conda environment: D:\bld\als-finder_1776459140243\_build_env
2026-04-17T20:56:37.0309187Z 
2026-04-17T20:56:37.1106756Z ERROR: 'conda activate --stack "D:\bld\als-finder_1776459140243\_build_env"' exited with code 1.
2026-04-17T20:56:37.7414235Z Using pip 24.3.1 from %PREFIX%\lib\site-packages\pip (python 3.8)
2026-04-17T20:56:37.7416452Z Non-user install because user site-packages disabled
2026-04-17T20:56:37.7420322Z Disabling truststore because Python version isn't 3.10+
2026-04-17T20:56:38.3112132Z Ignoring indexes: https://pypi.org/simple
2026-04-17T20:56:38.3135122Z Created temporary directory: C:\Users\VssAdministrator\AppData\Local\Temp\pip-build-tracker-23e3eqb_
2026-04-17T20:56:38.3146910Z Initialized build tracking at C:\Users\VssAdministrator\AppData\Local\Temp\pip-build-tracker-23e3eqb_
2026-04-17T20:56:38.3154087Z Created build tracker: C:\Users\VssAdministrator\AppData\Local\Temp\pip-build-tracker-23e3eqb_
2026-04-17T20:56:38.3154948Z Entered build tracker: C:\Users\VssAdministrator\AppData\Local\Temp\pip-build-tracker-23e3eqb_
2026-04-17T20:56:38.3163762Z Created temporary directory: C:\Users\VssAdministrator\AppData\Local\Temp\pip-install-o2xrndem
2026-04-17T20:56:38.3177974Z Created temporary directory: C:\Users\VssAdministrator\AppData\Local\Temp\pip-ephem-wheel-cache-1s_vxwfw
2026-04-17T20:56:38.3314097Z Processing d:\bld\als-finder_1776459140243\work
2026-04-17T20:56:38.3325414Z   Added file:///D:/bld/als-finder_1776459140243/work to build tracker 'C:\\Users\\VssAdministrator\\AppData\\Local\\Temp\\pip-build-tracker-23e3eqb_'
2026-04-17T20:56:38.3338504Z   Running setup.py (path:%SRC_DIR%\setup.py) egg_info for package from file:///D:/bld/als-finder_1776459140243/work
2026-04-17T20:56:38.3344847Z   Created temporary directory: C:\Users\VssAdministrator\AppData\Local\Temp\pip-pip-egg-info-2uu6wl3m
2026-04-17T20:56:38.3348895Z   Preparing metadata (setup.py): started
2026-04-17T20:56:38.3352074Z   Running command python setup.py egg_info
2026-04-17T20:56:38.5491823Z   Traceback (most recent call last):
2026-04-17T20:56:38.5513047Z     File "<string>", line 2, in <module>
2026-04-17T20:56:38.5513982Z     File "<pip-setuptools-caller>", line 34, in <module>
2026-04-17T20:56:38.5517339Z     File "D:\bld\als-finder_1776459140243\work\setup.py", line 8, in <module>
2026-04-17T20:56:38.5517970Z       long_description=open("README.md").read(),
2026-04-17T20:56:38.5518457Z     File "D:\bld\als-finder_1776459140243\_h_env\lib\encodings\cp1252.py", line 23, in decode
2026-04-17T20:56:38.5518966Z       return codecs.charmap_decode(input,self.errors,decoding_table)[0]
2026-04-17T20:56:38.5519480Z   UnicodeDecodeError: 'charmap' codec can't decode byte 0x8f in position 651: character maps to <undefined>
2026-04-17T20:56:38.5692471Z   error: subprocess-exited-with-error
2026-04-17T20:56:38.5693374Z   
2026-04-17T20:56:38.5694093Z   python setup.py egg_info did not run successfully.
2026-04-17T20:56:38.5697560Z   exit code: 1
2026-04-17T20:56:38.5698000Z   
2026-04-17T20:56:38.5698698Z   See above for output.
2026-04-17T20:56:38.5699252Z   
2026-04-17T20:56:38.5700030Z   note: This error originates from a subprocess, and is likely not a problem with pip.
2026-04-17T20:56:38.5711695Z   full command: 'D:\bld\als-finder_1776459140243\_h_env\python.exe' -c '
2026-04-17T20:56:38.5714765Z   exec(compile('"'"''"'"''"'"'
2026-04-17T20:56:38.5716212Z   # This is <pip-setuptools-caller> -- a caller that pip uses to run setup.py
2026-04-17T20:56:38.5716781Z   #
2026-04-17T20:56:38.5717307Z   # - It imports setuptools before invoking setup.py, to enable projects that directly
2026-04-17T20:56:38.5717907Z   #   import from `distutils.core` to work with newer packaging standards.
2026-04-17T20:56:38.5718499Z   # - It provides a clear error message when setuptools is not installed.
2026-04-17T20:56:38.5719075Z   # - It sets `sys.argv[0]` to the underlying `setup.py`, when invoking `setup.py` so
2026-04-17T20:56:38.5722309Z   #   setuptools doesn'"'"'t think the script is `-c`. This avoids the following warning:
2026-04-17T20:56:38.5723123Z   #     manifest_maker: standard file '"'"'-c'"'"' not found".
2026-04-17T20:56:38.5723730Z   # - It generates a shim setup.py, for handling setup.cfg-only projects.
2026-04-17T20:56:38.5724293Z   import os, sys, tokenize
2026-04-17T20:56:38.5724831Z   
2026-04-17T20:56:38.5734131Z   try:
2026-04-17T20:56:38.5736224Z   Preparing metadata (setup.py): finished with status 'error'
2026-04-17T20:56:38.5736842Z       import setuptools
2026-04-17T20:56:38.5737685Z   except ImportError as error:
2026-04-17T20:56:38.5738945Z       print(
2026-04-17T20:56:38.5749892Z           "ERROR: Can not execute `setup.py` since setuptools is not available in "
2026-04-17T20:56:38.5751030Z           "the build environment.",
2026-04-17T20:56:38.5761781Z           file=sys.stderr,
2026-04-17T20:56:38.5763399Z       )
2026-04-17T20:56:38.5764200Z       sys.exit(1)
2026-04-17T20:56:38.5764758Z   
2026-04-17T20:56:38.5765239Z   __file__ = %r
2026-04-17T20:56:38.5765889Z   sys.argv[0] = __file__
2026-04-17T20:56:38.5766451Z   
2026-04-17T20:56:38.5769838Z   if os.path.exists(__file__):
2026-04-17T20:56:38.5770340Z       filename = __file__
2026-04-17T20:56:38.5771128Z       with tokenize.open(__file__) as f:
2026-04-17T20:56:38.5771785Z           setup_py_code = f.read()
2026-04-17T20:56:38.5772385Z   else:
2026-04-17T20:56:38.5773304Z       filename = "<auto-generated setuptools caller>"
2026-04-17T20:56:38.5773946Z       setup_py_code = "from setuptools import setup; setup()"
2026-04-17T20:56:38.5776371Z   
2026-04-17T20:56:38.5776989Z   exec(compile(setup_py_code, filename, "exec"))
2026-04-17T20:56:38.5778046Z   '"'"''"'"''"'"' % ('"'"'D:\\bld\\als-finder_1776459140243\\work\\setup.py'"'"',), "<pip-setuptools-caller>", "exec"))' egg_info --egg-base 'C:\Users\VssAdministrator\AppData\Local\Temp\pip-pip-egg-info-2uu6wl3m'
2026-04-17T20:56:38.5778845Z   cwd: D:\bld\als-finder_1776459140243\work\\
2026-04-17T20:56:38.5779374Z error: metadata-generation-failed
2026-04-17T20:56:38.5780013Z 
2026-04-17T20:56:38.5780567Z Encountered error while generating package metadata.
2026-04-17T20:56:38.5780883Z 
2026-04-17T20:56:38.5781473Z See above for output.
2026-04-17T20:56:38.5785029Z 
2026-04-17T20:56:38.5785929Z note: This is an issue with the package mentioned above, not pip.
2026-04-17T20:56:38.5786566Z hint: See above for details.
2026-04-17T20:56:38.5858009Z Exception information:
2026-04-17T20:56:38.5859241Z Traceback (most recent call last):
2026-04-17T20:56:38.5860713Z   File "%PREFIX%\lib\site-packages\pip\_internal\operations\build\metadata_legacy.py", line 64, in generate_metadata
2026-04-17T20:56:38.5861546Z     call_subprocess(
2026-04-17T20:56:38.5862341Z   File "%PREFIX%\lib\site-packages\pip\_internal\utils\subprocess.py", line 209, in call_subprocess
2026-04-17T20:56:38.5865217Z     raise error
2026-04-17T20:56:38.5865706Z pip._internal.exceptions.InstallationSubprocessError: python setup.py egg_info exited with 1
2026-04-17T20:56:38.5865999Z 
2026-04-17T20:56:38.5866400Z The above exception was the direct cause of the following exception:
2026-04-17T20:56:38.5866675Z 
2026-04-17T20:56:38.5867042Z Traceback (most recent call last):
2026-04-17T20:56:38.5867478Z   File "%PREFIX%\lib\site-packages\pip\_internal\cli\base_command.py", line 105, in _run_wrapper
2026-04-17T20:56:38.5869968Z     status = _inner_run()
2026-04-17T20:56:38.5870573Z   File "%PREFIX%\lib\site-packages\pip\_internal\cli\base_command.py", line 96, in _inner_run
2026-04-17T20:56:38.5871079Z     return self.run(options, args)
2026-04-17T20:56:38.5871540Z   File "%PREFIX%\lib\site-packages\pip\_internal\cli\req_command.py", line 67, in wrapper
2026-04-17T20:56:38.5871995Z     return func(self, options, args)
2026-04-17T20:56:38.5872469Z   File "%PREFIX%\lib\site-packages\pip\_internal\commands\install.py", line 379, in run
2026-04-17T20:56:38.5873020Z     requirement_set = resolver.resolve(
2026-04-17T20:56:38.5876336Z   File "%PREFIX%\lib\site-packages\pip\_internal\resolution\resolvelib\resolver.py", line 76, in resolve
2026-04-17T20:56:38.5876997Z     collected = self.factory.collect_root_requirements(root_reqs)
2026-04-17T20:56:38.5878023Z   File "%PREFIX%\lib\site-packages\pip\_internal\resolution\resolvelib\factory.py", line 545, in collect_root_requirements
2026-04-17T20:56:38.5878735Z     reqs = list(
2026-04-17T20:56:38.5879373Z   File "%PREFIX%\lib\site-packages\pip\_internal\resolution\resolvelib\factory.py", line 501, in _make_requirements_from_install_req
2026-04-17T20:56:38.5880039Z     cand = self._make_base_candidate_from_link(
2026-04-17T20:56:38.5880721Z   File "%PREFIX%\lib\site-packages\pip\_internal\resolution\resolvelib\factory.py", line 233, in _make_base_candidate_from_link
2026-04-17T20:56:38.5884162Z     self._link_candidate_cache[link] = LinkCandidate(
2026-04-17T20:56:38.5884829Z   File "%PREFIX%\lib\site-packages\pip\_internal\resolution\resolvelib\candidates.py", line 304, in __init__
2026-04-17T20:56:38.5886509Z     super().__init__(
2026-04-17T20:56:38.5887082Z   File "%PREFIX%\lib\site-packages\pip\_internal\resolution\resolvelib\candidates.py", line 159, in __init__
2026-04-17T20:56:38.5887633Z     self.dist = self._prepare()
2026-04-17T20:56:38.5888128Z   File "%PREFIX%\lib\site-packages\pip\_internal\resolution\resolvelib\candidates.py", line 236, in _prepare
2026-04-17T20:56:38.5888637Z     dist = self._prepare_distribution()
2026-04-17T20:56:38.5891640Z   File "%PREFIX%\lib\site-packages\pip\_internal\resolution\resolvelib\candidates.py", line 315, in _prepare_distribution
2026-04-17T20:56:38.5892297Z     return preparer.prepare_linked_requirement(self._ireq, parallel_builds=True)
2026-04-17T20:56:38.5892859Z   File "%PREFIX%\lib\site-packages\pip\_internal\operations\prepare.py", line 527, in prepare_linked_requirement
2026-04-17T20:56:38.5893387Z     return self._prepare_linked_requirement(req, parallel_builds)
2026-04-17T20:56:38.5893958Z   File "%PREFIX%\lib\site-packages\pip\_internal\operations\prepare.py", line 642, in _prepare_linked_requirement
2026-04-17T20:56:38.5894443Z     dist = _get_prepared_distribution(
2026-04-17T20:56:38.5896825Z   File "%PREFIX%\lib\site-packages\pip\_internal\operations\prepare.py", line 72, in _get_prepared_distribution
2026-04-17T20:56:38.5897480Z     abstract_dist.prepare_distribution_metadata(
--
2026-04-17T20:56:38.5899494Z     self.metadata_directory = generate_metadata_legacy(
2026-04-17T20:56:38.5899984Z   File "%PREFIX%\lib\site-packages\pip\_internal\operations\build\metadata_legacy.py", line 71, in generate_metadata
2026-04-17T20:56:38.5902629Z     raise MetadataGenerationFailed(package_details=details) from error
2026-04-17T20:56:38.5903277Z pip._internal.exceptions.MetadataGenerationFailed: metadata generation failed
2026-04-17T20:56:38.5903868Z Removed file:///D:/bld/als-finder_1776459140243/work from build tracker 'C:\\Users\\VssAdministrator\\AppData\\Local\\Temp\\pip-build-tracker-23e3eqb_'
2026-04-17T20:56:38.5904476Z Removed build tracker: 'C:\\Users\\VssAdministrator\\AppData\\Local\\Temp\\pip-build-tracker-23e3eqb_'
2026-04-17T20:56:39.6716354Z Traceback (most recent call last):
2026-04-17T20:56:39.6717531Z   File "D:\Miniforge\Lib\site-packages\conda_build\build.py", line 2529, in build
2026-04-17T20:56:39.6746298Z     windows.build(
2026-04-17T20:56:39.6747181Z   File "D:\Miniforge\Lib\site-packages\conda_build\windows.py", line 402, in build
2026-04-17T20:56:39.6755805Z     check_call_env(
2026-04-17T20:56:39.6756625Z   File "D:\Miniforge\Lib\site-packages\conda_build\utils.py", line 411, in check_call_env
2026-04-17T20:56:39.6763862Z     return _func_defaulting_env_to_os_environ("call", *popenargs, **kwargs)
2026-04-17T20:56:39.6771561Z            ^^^^^^^^^^^^^^^^^^^^^^^^^^^^^^^^^^^^^^^^^^^^^^^^^^^^^^^^^^^^^^^^
2026-04-17T20:56:39.6772718Z   File "D:\Miniforge\Lib\site-packages\conda_build\utils.py", line 387, in _func_defaulting_env_to_os_environ
2026-04-17T20:56:39.6773433Z     raise subprocess.CalledProcessError(proc.returncode, _args)
2026-04-17T20:56:39.6774175Z subprocess.CalledProcessError: Command '['cmd.exe', '/d', '/c', 'conda_build.bat']' returned non-zero exit status 1.
2026-04-17T20:56:39.6774674Z 
2026-04-17T20:56:39.6775528Z The above exception was the direct cause of the following exception:
2026-04-17T20:56:39.6776011Z 
2026-04-17T20:56:39.6778782Z Traceback (most recent call last):
2026-04-17T20:56:39.6779569Z   File "D:\a\1\s\.ci_support\build_all.py", line 409, in <module>
2026-04-17T20:56:39.6781916Z     build_all(os.path.join(root_dir, "recipes"), args.arch)
2026-04-17T20:56:39.6782818Z   File "D:\a\1\s\.ci_support\build_all.py", line 199, in build_all
2026-04-17T20:56:39.6784955Z     build_folders(recipes_dir, folders, arch, channel_urls)
2026-04-17T20:56:39.6785778Z   File "D:\a\1\s\.ci_support\build_all.py", line 277, in build_folders
2026-04-17T20:56:39.6788302Z     conda_build.api.build([recipe], config=get_config(arch, channel_urls))
2026-04-17T20:56:39.6793536Z   File "D:\Miniforge\Lib\site-packages\conda_build\api.py", line 211, in build
2026-04-17T20:56:39.6798614Z     return build_tree(
2026-04-17T20:56:39.6799396Z            ^^^^^^^^^^^
2026-04-17T20:56:39.6800123Z   File "D:\Miniforge\Lib\site-packages\conda_build\build.py", line 3675, in build_tree
2026-04-17T20:56:39.6815914Z     packages_from_this = build(
2026-04-17T20:56:39.6817332Z                          ^^^^^^
2026-04-17T20:56:39.6818057Z   File "D:\Miniforge\Lib\site-packages\conda_build\build.py", line 2533, in build
2026-04-17T20:56:39.6824325Z     raise BuildScriptException(str(exc), caused_by=exc) from exc
2026-04-17T20:56:39.6827579Z conda_build.exceptions.BuildScriptException: Command '['cmd.exe', '/d', '/c', 'conda_build.bat']' returned non-zero exit status 1.
2026-04-17T20:56:48.7586735Z ##[error]Cmd.exe exited with code '1'.
2026-04-17T20:56:48.8203238Z ##[section]Finishing: Build recipes
---
2026-04-17T20:56:49.2259662Z TestResultLogParser: MochaTestResultParser : Starting mocha test result parser.
2026-04-17T20:56:49.2259945Z TestResultLogParser: PythonTestResultParser : Starting python test result parser.
2026-04-17T20:56:49.2261173Z TestResultLogParser: PythonTestResultParser : ExpectingTestResults: transitioned to state ExpectingFailedResults at line 2405
2026-04-17T20:56:49.4724210Z TestResultLogParser: Waiting for log plugin to finish, pending process 2 log lines.
2026-04-17T20:56:49.5536559Z Cleaning up task key
2026-04-17T20:56:49.5538393Z Start cleaning up orphan processes.
2026-04-17T20:56:49.6124524Z ##[section]Finishing: Finalize Job
---
2026-04-17T20:49:40.7973013Z   + tqdm                                       4.67.3  pyha7b4d00_0        conda-forge      93kB
2026-04-17T20:49:40.7973500Z   + click                                       8.3.2  pyh6dadd2b_0        conda-forge      97kB
2026-04-17T20:49:40.7973970Z   + exceptiongroup                              1.3.1  pyhd8ed1ab_0        conda-forge      21kB
2026-04-17T20:49:40.7974408Z   + h11                                        0.16.0  pyhcf101f3_1        conda-forge      39kB
2026-04-17T20:49:40.7974882Z   + typing-inspection                           0.4.2  pyhd8ed1ab_1        conda-forge      19kB
2026-04-17T20:49:40.7975376Z   + pyjwt                                      2.12.1  pyhcf101f3_0        conda-forge      32kB
2026-04-17T20:49:40.7975863Z   + typing-extensions                          4.15.0  h396c80c_0          conda-forge      91kB
2026-04-17T20:49:40.7976330Z   + m2-heimdal-libs                           7.8.0.5  hc364b38_6          conda-forge     978kB
2026-04-17T20:49:40.7976788Z   + m2-libgdbm                                 1.25.1  hc364b38_6          conda-forge      60kB
2026-04-17T20:49:40.7977405Z   + m2-libidn2                                2.3.8.1  hc364b38_6          conda-forge     200kB
2026-04-17T20:49:40.7977917Z   + m2-sed                                      4.9.1  hc364b38_6          conda-forge     292kB
2026-04-17T20:49:40.7978475Z   + m2-findutils                              4.9.0.3  hc364b38_6          conda-forge     554kB
2026-04-17T20:49:40.7979027Z   + m2-coreutils                               8.32.5  hc364b38_6          conda-forge       3MB
2026-04-17T20:49:40.7979513Z   + m2-nano                                     8.4.1  hc364b38_6          conda-forge     743kB
2026-04-17T20:49:40.7979994Z   + m2-gzip                                    1.14.1  hc364b38_6          conda-forge     133kB
2026-04-17T20:49:40.7980481Z   + jaraco.context                              6.1.1  pyhcf101f3_0        conda-forge      15kB
2026-04-17T20:49:40.7980939Z   + rich                                       15.0.0  pyhcf101f3_0        conda-forge     209kB
2026-04-17T20:49:40.7981390Z   + anyio                                      4.13.0  pyhcf101f3_0        conda-forge     147kB
2026-04-17T20:49:40.7981877Z   + annotated-types                             0.7.0  pyhd8ed1ab_1        conda-forge      18kB
2026-04-17T20:49:40.7982387Z   + beautifulsoup4                             4.14.3  pyha770c72_0        conda-forge      90kB
2026-04-17T20:49:40.7982884Z   + m2-heimdal                                7.8.0.5  hc364b38_6          conda-forge     604kB
2026-04-17T20:49:40.7983324Z   + m2-gdbm                                    1.25.1  hc364b38_6          conda-forge     255kB
2026-04-17T20:49:40.7983772Z   + m2-libpsl                                0.21.5.2  hc364b38_6          conda-forge      99kB
2026-04-17T20:49:40.7984249Z   + m2-info                                     7.2.1  hc364b38_6          conda-forge     231kB
2026-04-17T20:49:40.7984792Z   + typer                                      0.24.1  pyhcf101f3_0        conda-forge     116kB
2026-04-17T20:49:40.7985282Z   + httpcore                                    1.0.9  pyh29332c3_0        conda-forge      49kB
2026-04-17T20:49:40.7985721Z   + m2-openssh                                9.9p2.1  hc364b38_6          conda-forge       1MB
2026-04-17T20:49:40.7986178Z   + m2-perl                                  5.38.4.2  hc364b38_6          conda-forge       9MB
2026-04-17T20:49:40.7986665Z   + m2-libtasn1                              4.20.0.1  hc364b38_6          conda-forge     128kB
2026-04-17T20:49:40.7987149Z   + httpx                                      0.28.1  pyhd8ed1ab_0        conda-forge      63kB
2026-04-17T20:49:40.7987615Z   + m2-perl-timedate                           2.33.2  hc364b38_6          conda-forge      65kB
2026-04-17T20:49:40.7988058Z   + m2-perl-io-html                           1.004.2  hc364b38_6          conda-forge      45kB
2026-04-17T20:49:40.7988525Z   + m2-perl-clone                              0.47.1  hc364b38_6          conda-forge      40kB
--
2026-04-17T20:49:40.7993737Z   + m2-perl-encode-locale                      1.05.2  hc364b38_6          conda-forge      41kB
2026-04-17T20:49:40.7994302Z   + m2-perl-termreadkey                        2.38.6  hc364b38_6          conda-forge      51kB
2026-04-17T20:49:40.7994894Z   + m2-perl-error                           0.17030.1  hc364b38_6          conda-forge      51kB
2026-04-17T20:49:40.7995354Z   + m2-perl-authen-sasl                      2.1800.1  hc364b38_6          conda-forge      69kB
2026-04-17T20:49:40.7995829Z   + m2-libp11-kit                            0.25.5.2  hc364b38_6          conda-forge     323kB
2026-04-17T20:49:40.7996341Z   + m2-perl-mailtools                          2.22.1  hc364b38_6          conda-forge      89kB
2026-04-17T20:49:40.7996849Z   + m2-perl-io-socket-ssl                     2.089.1  hc364b38_6          conda-forge     206kB
2026-04-17T20:49:40.7997353Z   + m2-perl-www-robotrules                     6.02.3  hc364b38_6          conda-forge      42kB
2026-04-17T20:49:40.7997825Z   + m2-perl-http-cookiejar                    0.014.1  hc364b38_6          conda-forge      44kB
2026-04-17T20:49:40.7998340Z   + m2-perl-file-listing                       6.16.1  hc364b38_6          conda-forge      40kB
2026-04-17T20:49:40.7998853Z   + m2-perl-http-message                       7.00.1  hc364b38_6          conda-forge     106kB
2026-04-17T20:49:40.7999356Z   + m2-p11-kit                               0.25.5.2  hc364b38_6          conda-forge     569kB
2026-04-17T20:49:40.7999831Z   + m2-perl-mime-tools                        5.515.1  hc364b38_6          conda-forge     216kB
2026-04-17T20:49:40.8000293Z   + m2-perl-net-smtp-ssl                       1.04.2  hc364b38_6          conda-forge      35kB
2026-04-17T20:49:40.8000800Z   + m2-perl-http-negotiate                     6.01.3  hc364b38_6          conda-forge      43kB
2026-04-17T20:49:40.8001315Z   + m2-perl-http-daemon                        6.16.1  hc364b38_6          conda-forge      50kB
2026-04-17T20:49:40.8001818Z   + m2-perl-http-cookies                       6.11.1  hc364b38_6          conda-forge      52kB
2026-04-17T20:49:40.8002288Z   + m2-perl-html-parser                        3.83.1  hc364b38_6          conda-forge     111kB
2026-04-17T20:49:40.8002772Z   + m2-ca-certificates                     20241223.1  hc364b38_6          conda-forge     437kB
2026-04-17T20:49:40.8003279Z   + m2-perl-libwww                             6.78.1  hc364b38_6          conda-forge     165kB
2026-04-17T20:49:40.8003867Z   + m2-libssh2                               1.11.1.1  hc364b38_6          conda-forge     272kB
2026-04-17T20:49:40.8004343Z   + m2-libcurl                                8.9.1.1  hc364b38_6          conda-forge     368kB
2026-04-17T20:49:40.8004838Z   + m2-curl                                   8.9.1.1  hc364b38_6          conda-forge     857kB
2026-04-17T20:49:40.8005318Z   + m2-git                                   2.49.0.1  hc364b38_6          conda-forge      55MB
2026-04-17T20:49:40.8005798Z   + libmambapy                                  2.5.0  py312h26e665a_0     conda-forge     591kB
2026-04-17T20:49:40.8006292Z   + pywin32                                       311  py312h829343e_1     conda-forge       7MB
2026-04-17T20:49:40.8006760Z   + pywin32-ctypes                              0.2.3  py312h2e8e312_3     conda-forge      58kB
2026-04-17T20:49:40.8007220Z   + pillow                                     12.2.0  py312h31f0997_0     conda-forge     945kB
2026-04-17T20:49:40.8007709Z   + rpds-py                                    0.30.0  py312hdabe01f_0     conda-forge     244kB
2026-04-17T20:49:40.8008199Z   + brotli-python                               1.2.0  py312hc6d9e41_1     conda-forge     335kB
2026-04-17T20:49:40.8008695Z   + backports.zstd                              1.3.0  py312h06d0912_0     conda-forge     237kB
2026-04-17T20:49:40.8009255Z   + pycosat                                     0.6.6  py312he06e257_3     conda-forge      79kB
2026-04-17T20:49:40.8009764Z   + ruamel.yaml.clib                           0.2.15  py312he5662c2_1     conda-forge     106kB
--
2026-04-17T20:50:37.7578479Z distro                        1.9.0                  pyhd8ed1ab_1        conda-forge
2026-04-17T20:50:37.7578918Z evalidate                     2.0.5                  pyhe01879c_0        conda-forge
2026-04-17T20:50:37.7579410Z exceptiongroup                1.3.1                  pyhd8ed1ab_0        conda-forge
2026-04-17T20:50:37.7579861Z filelock                      3.28.0                 pyhd8ed1ab_0        conda-forge
2026-04-17T20:50:37.7580314Z fmt                           12.1.0                 h7f4e812_0          conda-forge
2026-04-17T20:50:37.7580762Z frozendict                    2.4.7                  py312he06e257_0     conda-forge
2026-04-17T20:50:37.7581273Z h11                           0.16.0                 pyhcf101f3_1        conda-forge
2026-04-17T20:50:37.7581714Z h2                            4.3.0                  pyhcf101f3_0        conda-forge
2026-04-17T20:50:37.7582127Z hpack                         4.1.0                  pyhd8ed1ab_0        conda-forge
2026-04-17T20:50:37.7582553Z httpcore                      1.0.9                  pyh29332c3_0        conda-forge
2026-04-17T20:50:37.7583010Z httpx                         0.28.1                 pyhd8ed1ab_0        conda-forge
2026-04-17T20:50:37.7583454Z hyperframe                    6.1.0                  pyhd8ed1ab_0        conda-forge
2026-04-17T20:50:37.7583899Z idna                          3.11                   pyhd8ed1ab_0        conda-forge
2026-04-17T20:50:37.7584321Z importlib-metadata            8.8.0                  pyhcf101f3_0        conda-forge
2026-04-17T20:50:37.7584859Z importlib_resources           7.1.0                  pyhd8ed1ab_0        conda-forge
2026-04-17T20:50:37.7585363Z jaraco.classes                3.4.0                  pyhcf101f3_3        conda-forge
2026-04-17T20:50:37.7585805Z jaraco.context                6.1.1                  pyhcf101f3_0        conda-forge
2026-04-17T20:50:37.7586347Z jaraco.functools              4.4.0                  pyhcf101f3_1        conda-forge
2026-04-17T20:50:37.7586772Z jinja2                        3.1.6                  pyhcf101f3_1        conda-forge
2026-04-17T20:50:37.7587260Z joblib                        1.5.3                  pyhd8ed1ab_0        conda-forge
2026-04-17T20:50:37.7587684Z jsonpatch                     1.33                   pyhd8ed1ab_1        conda-forge
2026-04-17T20:50:37.7588104Z jsonpointer                   3.1.1                  pyhcf101f3_0        conda-forge
2026-04-17T20:50:37.7588528Z jsonschema                    4.26.0                 pyhcf101f3_0        conda-forge
2026-04-17T20:50:37.7588982Z jsonschema-specifications     2025.9.1               pyhcf101f3_0        conda-forge
2026-04-17T20:50:37.7589441Z jupyter_core                  5.9.1                  pyh6dadd2b_0        conda-forge
2026-04-17T20:50:37.7589843Z keyring                       25.7.0                 pyh7428d3b_0        conda-forge
2026-04-17T20:50:37.7590288Z krb5                          1.22.2                 h0ea6238_0          conda-forge
2026-04-17T20:50:37.7590762Z lcms2                         2.18                   hf2c6c5f_0          conda-forge
2026-04-17T20:50:37.7591170Z lerc                          4.1.0                  hd936e49_0          conda-forge
2026-04-17T20:50:37.7591599Z libarchive                    3.8.7                  gpl_he24518a_100    conda-forge
2026-04-17T20:50:37.7592029Z libcurl                       8.19.0                 h8206538_0          conda-forge
2026-04-17T20:50:37.7592458Z libdeflate                    1.25                   h51727cc_0          conda-forge
2026-04-17T20:50:37.7592878Z libexpat                      2.7.5                  hac47afa_0          conda-forge
--
2026-04-17T20:50:37.7794460Z m2-perl-convert-binhex        1.125.2                hc364b38_6          conda-forge
2026-04-17T20:50:37.7794856Z m2-perl-encode-locale         1.05.2                 hc364b38_6          conda-forge
2026-04-17T20:50:37.7795289Z m2-perl-error                 0.17030.1              hc364b38_6          conda-forge
2026-04-17T20:50:37.7795678Z m2-perl-file-listing          6.16.1                 hc364b38_6          conda-forge
2026-04-17T20:50:37.7796068Z m2-perl-html-parser           3.83.1                 hc364b38_6          conda-forge
2026-04-17T20:50:37.7796462Z m2-perl-html-tagset           3.24.1                 hc364b38_6          conda-forge
2026-04-17T20:50:37.7796862Z m2-perl-http-cookiejar        0.014.1                hc364b38_6          conda-forge
2026-04-17T20:50:37.7797252Z m2-perl-http-cookies          6.11.1                 hc364b38_6          conda-forge
2026-04-17T20:50:37.7797716Z m2-perl-http-daemon           6.16.1                 hc364b38_6          conda-forge
2026-04-17T20:50:37.7798116Z m2-perl-http-date             6.06.1                 hc364b38_6          conda-forge
2026-04-17T20:50:37.7798505Z m2-perl-http-message          7.00.1                 hc364b38_6          conda-forge
2026-04-17T20:50:37.7798979Z m2-perl-http-negotiate        6.01.3                 hc364b38_6          conda-forge
2026-04-17T20:50:37.7799396Z m2-perl-io-html               1.004.2                hc364b38_6          conda-forge
2026-04-17T20:50:37.7799784Z m2-perl-io-socket-ip          0.41.2                 hc364b38_6          conda-forge
2026-04-17T20:50:37.7800176Z m2-perl-io-socket-ssl         2.089.1                hc364b38_6          conda-forge
2026-04-17T20:50:37.7800573Z m2-perl-io-stringy            2.113.2                hc364b38_6          conda-forge
2026-04-17T20:50:37.7800965Z m2-perl-libwww                6.78.1                 hc364b38_6          conda-forge
2026-04-17T20:50:37.7801432Z m2-perl-lwp-mediatypes        6.04.2                 hc364b38_6          conda-forge
2026-04-17T20:50:37.7801827Z m2-perl-mailtools             2.22.1                 hc364b38_6          conda-forge
2026-04-17T20:50:37.7802221Z m2-perl-mime-tools            5.515.1                hc364b38_6          conda-forge
2026-04-17T20:50:37.7802614Z m2-perl-net-http              6.23.1                 hc364b38_6          conda-forge
2026-04-17T20:50:37.7803009Z m2-perl-net-smtp-ssl          1.04.2                 hc364b38_6          conda-forge
2026-04-17T20:50:37.7803490Z m2-perl-net-ssleay            1.94.2                 hc364b38_6          conda-forge
2026-04-17T20:50:37.7803890Z m2-perl-termreadkey           2.38.6                 hc364b38_6          conda-forge
2026-04-17T20:50:37.7804284Z m2-perl-timedate              2.33.2                 hc364b38_6          conda-forge
2026-04-17T20:50:37.7804682Z m2-perl-try-tiny              0.32.1                 hc364b38_6          conda-forge
2026-04-17T20:50:37.7805057Z m2-perl-uri                   5.31.1                 hc364b38_6          conda-forge
2026-04-17T20:50:37.7805433Z m2-perl-www-robotrules        6.02.3                 hc364b38_6          conda-forge
2026-04-17T20:50:37.7805809Z m2-sed                        4.9.1                  hc364b38_6          conda-forge
2026-04-17T20:50:37.7806188Z m2-zlib                       1.3.1.1                hc364b38_6          conda-forge
2026-04-17T20:50:37.7806564Z mamba                         2.5.0                  hf588a56_0          conda-forge
2026-04-17T20:50:37.7806933Z markdown-it-py                4.0.0                  pyhd8ed1ab_0        conda-forge
2026-04-17T20:50:37.7807311Z markupsafe                    3.0.3                  py312h05f76fc_1     conda-forge
--
2026-04-17T20:56:37.0308512Z EnvironmentLocationNotFound: Not a conda environment: D:\bld\als-finder_1776459140243\_build_env
2026-04-17T20:56:37.0309194Z 
2026-04-17T20:56:37.1106794Z ERROR: 'conda activate --stack "D:\bld\als-finder_1776459140243\_build_env"' exited with code 1.
2026-04-17T20:56:37.7414282Z Using pip 24.3.1 from %PREFIX%\lib\site-packages\pip (python 3.8)
2026-04-17T20:56:37.7416470Z Non-user install because user site-packages disabled
2026-04-17T20:56:37.7420337Z Disabling truststore because Python version isn't 3.10+
2026-04-17T20:56:38.3112173Z Ignoring indexes: https://pypi.org/simple
2026-04-17T20:56:38.3135319Z Created temporary directory: C:\Users\VssAdministrator\AppData\Local\Temp\pip-build-tracker-23e3eqb_
2026-04-17T20:56:38.3146928Z Initialized build tracking at C:\Users\VssAdministrator\AppData\Local\Temp\pip-build-tracker-23e3eqb_
2026-04-17T20:56:38.3154103Z Created build tracker: C:\Users\VssAdministrator\AppData\Local\Temp\pip-build-tracker-23e3eqb_
2026-04-17T20:56:38.3154958Z Entered build tracker: C:\Users\VssAdministrator\AppData\Local\Temp\pip-build-tracker-23e3eqb_
2026-04-17T20:56:38.3163775Z Created temporary directory: C:\Users\VssAdministrator\AppData\Local\Temp\pip-install-o2xrndem
2026-04-17T20:56:38.3177989Z Created temporary directory: C:\Users\VssAdministrator\AppData\Local\Temp\pip-ephem-wheel-cache-1s_vxwfw
2026-04-17T20:56:38.3314111Z Processing d:\bld\als-finder_1776459140243\work
2026-04-17T20:56:38.3325430Z   Added file:///D:/bld/als-finder_1776459140243/work to build tracker 'C:\\Users\\VssAdministrator\\AppData\\Local\\Temp\\pip-build-tracker-23e3eqb_'
2026-04-17T20:56:38.3338538Z   Running setup.py (path:%SRC_DIR%\setup.py) egg_info for package from file:///D:/bld/als-finder_1776459140243/work
2026-04-17T20:56:38.3344863Z   Created temporary directory: C:\Users\VssAdministrator\AppData\Local\Temp\pip-pip-egg-info-2uu6wl3m
2026-04-17T20:56:38.3348909Z   Preparing metadata (setup.py): started
2026-04-17T20:56:38.3352086Z   Running command python setup.py egg_info
2026-04-17T20:56:38.5491875Z   Traceback (most recent call last):
2026-04-17T20:56:38.5513074Z     File "<string>", line 2, in <module>
2026-04-17T20:56:38.5513989Z     File "<pip-setuptools-caller>", line 34, in <module>
2026-04-17T20:56:38.5517357Z     File "D:\bld\als-finder_1776459140243\work\setup.py", line 8, in <module>
2026-04-17T20:56:38.5517977Z       long_description=open("README.md").read(),
2026-04-17T20:56:38.5518463Z     File "D:\bld\als-finder_1776459140243\_h_env\lib\encodings\cp1252.py", line 23, in decode
2026-04-17T20:56:38.5518971Z       return codecs.charmap_decode(input,self.errors,decoding_table)[0]
2026-04-17T20:56:38.5519495Z   UnicodeDecodeError: 'charmap' codec can't decode byte 0x8f in position 651: character maps to <undefined>
2026-04-17T20:56:38.5692569Z   error: subprocess-exited-with-error
2026-04-17T20:56:38.5693384Z   
2026-04-17T20:56:38.5694102Z   python setup.py egg_info did not run successfully.
2026-04-17T20:56:38.5697572Z   exit code: 1
2026-04-17T20:56:38.5698045Z   
2026-04-17T20:56:38.5698707Z   See above for output.
2026-04-17T20:56:38.5699259Z   
2026-04-17T20:56:38.5700039Z   note: This error originates from a subprocess, and is likely not a problem with pip.
2026-04-17T20:56:38.5711709Z   full command: 'D:\bld\als-finder_1776459140243\_h_env\python.exe' -c '
2026-04-17T20:56:38.5714780Z   exec(compile('"'"''"'"''"'"'
2026-04-17T20:56:38.5716225Z   # This is <pip-setuptools-caller> -- a caller that pip uses to run setup.py
2026-04-17T20:56:38.5716789Z   #
2026-04-17T20:56:38.5717314Z   # - It imports setuptools before invoking setup.py, to enable projects that directly
2026-04-17T20:56:38.5717924Z   #   import from `distutils.core` to work with newer packaging standards.
2026-04-17T20:56:38.5718506Z   # - It provides a clear error message when setuptools is not installed.
2026-04-17T20:56:38.5719143Z   # - It sets `sys.argv[0]` to the underlying `setup.py`, when invoking `setup.py` so
2026-04-17T20:56:38.5722331Z   #   setuptools doesn'"'"'t think the script is `-c`. This avoids the following warning:
2026-04-17T20:56:38.5723134Z   #     manifest_maker: standard file '"'"'-c'"'"' not found".
2026-04-17T20:56:38.5723739Z   # - It generates a shim setup.py, for handling setup.cfg-only projects.
2026-04-17T20:56:38.5724300Z   import os, sys, tokenize
2026-04-17T20:56:38.5724838Z   
2026-04-17T20:56:38.5734146Z   try:
2026-04-17T20:56:38.5736238Z   Preparing metadata (setup.py): finished with status 'error'
2026-04-17T20:56:38.5736904Z       import setuptools
2026-04-17T20:56:38.5737691Z   except ImportError as error:
2026-04-17T20:56:38.5738957Z       print(
2026-04-17T20:56:38.5750081Z           "ERROR: Can not execute `setup.py` since setuptools is not available in "
2026-04-17T20:56:38.5751041Z           "the build environment.",
2026-04-17T20:56:38.5761797Z           file=sys.stderr,
2026-04-17T20:56:38.5763412Z       )
2026-04-17T20:56:38.5764212Z       sys.exit(1)
2026-04-17T20:56:38.5764767Z   
2026-04-17T20:56:38.5765246Z   __file__ = %r
2026-04-17T20:56:38.5765896Z   sys.argv[0] = __file__
2026-04-17T20:56:38.5766458Z   
2026-04-17T20:56:38.5769854Z   if os.path.exists(__file__):
2026-04-17T20:56:38.5770347Z       filename = __file__
2026-04-17T20:56:38.5771141Z       with tokenize.open(__file__) as f:
2026-04-17T20:56:38.5771794Z           setup_py_code = f.read()
2026-04-17T20:56:38.5772392Z   else:
2026-04-17T20:56:38.5773315Z       filename = "<auto-generated setuptools caller>"
2026-04-17T20:56:38.5773958Z       setup_py_code = "from setuptools import setup; setup()"
2026-04-17T20:56:38.5776385Z   
2026-04-17T20:56:38.5776997Z   exec(compile(setup_py_code, filename, "exec"))
2026-04-17T20:56:38.5778067Z   '"'"''"'"''"'"' % ('"'"'D:\\bld\\als-finder_1776459140243\\work\\setup.py'"'"',), "<pip-setuptools-caller>", "exec"))' egg_info --egg-base 'C:\Users\VssAdministrator\AppData\Local\Temp\pip-pip-egg-info-2uu6wl3m'
2026-04-17T20:56:38.5778855Z   cwd: D:\bld\als-finder_1776459140243\work\\
2026-04-17T20:56:38.5779381Z error: metadata-generation-failed
2026-04-17T20:56:38.5780022Z 
2026-04-17T20:56:38.5780575Z Encountered error while generating package metadata.
2026-04-17T20:56:38.5780889Z 
2026-04-17T20:56:38.5781480Z See above for output.
2026-04-17T20:56:38.5785042Z 
2026-04-17T20:56:38.5785940Z note: This is an issue with the package mentioned above, not pip.
2026-04-17T20:56:38.5786576Z hint: See above for details.
2026-04-17T20:56:38.5858024Z Exception information:
2026-04-17T20:56:38.5859252Z Traceback (most recent call last):
2026-04-17T20:56:38.5860728Z   File "%PREFIX%\lib\site-packages\pip\_internal\operations\build\metadata_legacy.py", line 64, in generate_metadata
2026-04-17T20:56:38.5861564Z     call_subprocess(
2026-04-17T20:56:38.5862350Z   File "%PREFIX%\lib\site-packages\pip\_internal\utils\subprocess.py", line 209, in call_subprocess
2026-04-17T20:56:38.5865229Z     raise error
2026-04-17T20:56:38.5865712Z pip._internal.exceptions.InstallationSubprocessError: python setup.py egg_info exited with 1
2026-04-17T20:56:38.5866004Z 
2026-04-17T20:56:38.5866405Z The above exception was the direct cause of the following exception:
2026-04-17T20:56:38.5866679Z 
2026-04-17T20:56:38.5867047Z Traceback (most recent call last):
2026-04-17T20:56:38.5867482Z   File "%PREFIX%\lib\site-packages\pip\_internal\cli\base_command.py", line 105, in _run_wrapper
2026-04-17T20:56:38.5869981Z     status = _inner_run()
2026-04-17T20:56:38.5870580Z   File "%PREFIX%\lib\site-packages\pip\_internal\cli\base_command.py", line 96, in _inner_run
2026-04-17T20:56:38.5871084Z     return self.run(options, args)
2026-04-17T20:56:38.5871549Z   File "%PREFIX%\lib\site-packages\pip\_internal\cli\req_command.py", line 67, in wrapper
2026-04-17T20:56:38.5871999Z     return func(self, options, args)
2026-04-17T20:56:38.5872474Z   File "%PREFIX%\lib\site-packages\pip\_internal\commands\install.py", line 379, in run
2026-04-17T20:56:38.5875586Z     requirement_set = resolver.resolve(
2026-04-17T20:56:38.5876343Z   File "%PREFIX%\lib\site-packages\pip\_internal\resolution\resolvelib\resolver.py", line 76, in resolve
2026-04-17T20:56:38.5877006Z     collected = self.factory.collect_root_requirements(root_reqs)
2026-04-17T20:56:38.5878037Z   File "%PREFIX%\lib\site-packages\pip\_internal\resolution\resolvelib\factory.py", line 545, in collect_root_requirements
2026-04-17T20:56:38.5878743Z     reqs = list(
2026-04-17T20:56:38.5879382Z   File "%PREFIX%\lib\site-packages\pip\_internal\resolution\resolvelib\factory.py", line 501, in _make_requirements_from_install_req
2026-04-17T20:56:38.5880049Z     cand = self._make_base_candidate_from_link(
2026-04-17T20:56:38.5880853Z   File "%PREFIX%\lib\site-packages\pip\_internal\resolution\resolvelib\factory.py", line 233, in _make_base_candidate_from_link
2026-04-17T20:56:38.5884176Z     self._link_candidate_cache[link] = LinkCandidate(
2026-04-17T20:56:38.5884839Z   File "%PREFIX%\lib\site-packages\pip\_internal\resolution\resolvelib\candidates.py", line 304, in __init__
2026-04-17T20:56:38.5886520Z     super().__init__(
2026-04-17T20:56:38.5887089Z   File "%PREFIX%\lib\site-packages\pip\_internal\resolution\resolvelib\candidates.py", line 159, in __init__
2026-04-17T20:56:38.5887640Z     self.dist = self._prepare()
2026-04-17T20:56:38.5888133Z   File "%PREFIX%\lib\site-packages\pip\_internal\resolution\resolvelib\candidates.py", line 236, in _prepare
2026-04-17T20:56:38.5888642Z     dist = self._prepare_distribution()
2026-04-17T20:56:38.5891652Z   File "%PREFIX%\lib\site-packages\pip\_internal\resolution\resolvelib\candidates.py", line 315, in _prepare_distribution
2026-04-17T20:56:38.5892310Z     return preparer.prepare_linked_requirement(self._ireq, parallel_builds=True)
2026-04-17T20:56:38.5892864Z   File "%PREFIX%\lib\site-packages\pip\_internal\operations\prepare.py", line 527, in prepare_linked_requirement
2026-04-17T20:56:38.5893392Z     return self._prepare_linked_requirement(req, parallel_builds)
2026-04-17T20:56:38.5893964Z   File "%PREFIX%\lib\site-packages\pip\_internal\operations\prepare.py", line 642, in _prepare_linked_requirement
2026-04-17T20:56:38.5894448Z     dist = _get_prepared_distribution(
2026-04-17T20:56:38.5896838Z   File "%PREFIX%\lib\site-packages\pip\_internal\operations\prepare.py", line 72, in _get_prepared_distribution
2026-04-17T20:56:38.5897486Z     abstract_dist.prepare_distribution_metadata(
--
2026-04-17T20:56:38.5899499Z     self.metadata_directory = generate_metadata_legacy(
2026-04-17T20:56:38.5899989Z   File "%PREFIX%\lib\site-packages\pip\_internal\operations\build\metadata_legacy.py", line 71, in generate_metadata
2026-04-17T20:56:38.5902642Z     raise MetadataGenerationFailed(package_details=details) from error
2026-04-17T20:56:38.5903282Z pip._internal.exceptions.MetadataGenerationFailed: metadata generation failed
2026-04-17T20:56:38.5903875Z Removed file:///D:/bld/als-finder_1776459140243/work from build tracker 'C:\\Users\\VssAdministrator\\AppData\\Local\\Temp\\pip-build-tracker-23e3eqb_'
2026-04-17T20:56:38.5904481Z Removed build tracker: 'C:\\Users\\VssAdministrator\\AppData\\Local\\Temp\\pip-build-tracker-23e3eqb_'
2026-04-17T20:56:39.6716400Z Traceback (most recent call last):
2026-04-17T20:56:39.6717540Z   File "D:\Miniforge\Lib\site-packages\conda_build\build.py", line 2529, in build
2026-04-17T20:56:39.6746311Z     windows.build(
2026-04-17T20:56:39.6747205Z   File "D:\Miniforge\Lib\site-packages\conda_build\windows.py", line 402, in build
2026-04-17T20:56:39.6755821Z     check_call_env(
2026-04-17T20:56:39.6756636Z   File "D:\Miniforge\Lib\site-packages\conda_build\utils.py", line 411, in check_call_env
2026-04-17T20:56:39.6763876Z     return _func_defaulting_env_to_os_environ("call", *popenargs, **kwargs)
2026-04-17T20:56:39.6771576Z            ^^^^^^^^^^^^^^^^^^^^^^^^^^^^^^^^^^^^^^^^^^^^^^^^^^^^^^^^^^^^^^^^
2026-04-17T20:56:39.6772732Z   File "D:\Miniforge\Lib\site-packages\conda_build\utils.py", line 387, in _func_defaulting_env_to_os_environ
2026-04-17T20:56:39.6773444Z     raise subprocess.CalledProcessError(proc.returncode, _args)
2026-04-17T20:56:39.6774228Z subprocess.CalledProcessError: Command '['cmd.exe', '/d', '/c', 'conda_build.bat']' returned non-zero exit status 1.
2026-04-17T20:56:39.6774680Z 
2026-04-17T20:56:39.6775539Z The above exception was the direct cause of the following exception:
2026-04-17T20:56:39.6776019Z 
2026-04-17T20:56:39.6778941Z Traceback (most recent call last):
2026-04-17T20:56:39.6779577Z   File "D:\a\1\s\.ci_support\build_all.py", line 409, in <module>
2026-04-17T20:56:39.6781930Z     build_all(os.path.join(root_dir, "recipes"), args.arch)
2026-04-17T20:56:39.6782828Z   File "D:\a\1\s\.ci_support\build_all.py", line 199, in build_all
2026-04-17T20:56:39.6784968Z     build_folders(recipes_dir, folders, arch, channel_urls)
2026-04-17T20:56:39.6785790Z   File "D:\a\1\s\.ci_support\build_all.py", line 277, in build_folders
2026-04-17T20:56:39.6788315Z     conda_build.api.build([recipe], config=get_config(arch, channel_urls))
2026-04-17T20:56:39.6793553Z   File "D:\Miniforge\Lib\site-packages\conda_build\api.py", line 211, in build
2026-04-17T20:56:39.6798626Z     return build_tree(
2026-04-17T20:56:39.6799406Z            ^^^^^^^^^^^
2026-04-17T20:56:39.6800132Z   File "D:\Miniforge\Lib\site-packages\conda_build\build.py", line 3675, in build_tree
2026-04-17T20:56:39.6815928Z     packages_from_this = build(
2026-04-17T20:56:39.6817350Z                          ^^^^^^
2026-04-17T20:56:39.6818068Z   File "D:\Miniforge\Lib\site-packages\conda_build\build.py", line 2533, in build
2026-04-17T20:56:39.6824341Z     raise BuildScriptException(str(exc), caused_by=exc) from exc
2026-04-17T20:56:39.6827646Z conda_build.exceptions.BuildScriptException: Command '['cmd.exe', '/d', '/c', 'conda_build.bat']' returned non-zero exit status 1.
2026-04-17T20:56:48.7586784Z ##[error]Cmd.exe exited with code '1'.
2026-04-17T20:56:48.8203258Z ##[section]Finishing: Build recipes
2026-04-17T20:56:48.8622700Z Skipping step due to condition evaluation.
Evaluating: SucceededNode()
Result: False

2026-04-17T20:56:48.8700106Z ##[section]Starting: Checkout conda-forge/staged-recipes@refs/pull/33018/merge to s
2026-04-17T20:56:48.8743818Z ==============================================================================
2026-04-17T20:56:48.8744274Z Task         : Get sources
2026-04-17T20:56:48.8744499Z Description  : Get sources from a repository. Supports Git, TfsVC, and SVN repositories.
2026-04-17T20:56:48.8744883Z Version      : 1.0.0
2026-04-17T20:56:48.8745248Z Author       : Microsoft
2026-04-17T20:56:48.8745645Z Help         : [More Information](https://go.microsoft.com/fwlink/?LinkId=798199)
2026-04-17T20:56:48.8746036Z ==============================================================================
2026-04-17T20:56:49.2075919Z Cleaning any cached credential from repository: conda-forge/staged-recipes (GitHub)
2026-04-17T20:56:49.2178146Z ##[section]Finishing: Checkout conda-forge/staged-recipes@refs/pull/33018/merge to s
2026-04-17T20:56:49.2230551Z ##[section]Starting: Finalize Job
2026-04-17T20:56:49.2259086Z TestResultLogParser: JasmineTestResultParser : Starting jasmine test result parser.
2026-04-17T20:56:49.2259380Z TestResultLogParser: JestTestResultParser : Starting jest test result parser.
2026-04-17T20:56:49.2259666Z TestResultLogParser: MochaTestResultParser : Starting mocha test result parser.
2026-04-17T20:56:49.2259949Z TestResultLogParser: PythonTestResultParser : Starting python test result parser.
2026-04-17T20:56:49.2261186Z TestResultLogParser: PythonTestResultParser : ExpectingTestResults: transitioned to state ExpectingFailedResults at line 2405
2026-04-17T20:56:49.4724231Z TestResultLogParser: Waiting for log plugin to finish, pending process 2 log lines.
2026-04-17T20:56:49.5536591Z Cleaning up task key
2026-04-17T20:56:49.5538400Z Start cleaning up orphan processes.
2026-04-17T20:56:49.6124544Z ##[section]Finishing: Finalize Job
2026-04-17T20:56:49.6157672Z ##[section]Finishing: win_64 win
---
