2026-04-17T20:56:38.3348895Z   Preparing metadata (setup.py): started
2026-04-17T20:56:38.3352074Z   Running command python setup.py egg_info
2026-04-17T20:56:38.5491823Z   Traceback (most recent call last):
2026-04-17T20:56:38.5513047Z     File "<string>", line 2, in <module>
2026-04-17T20:56:38.5513982Z     File "<pip-setuptools-caller>", line 34, in <module>
2026-04-17T20:56:38.5517339Z     File "D:\bld\als-finder_1776459140243\work\setup.py", line 8, in <module>
2026-04-17T20:56:38.5517970Z       long_description=open("README.md").read(),
2026-04-17T20:56:38.5518457Z     File "D:\bld\als-finder_1776459140243\_h_env\lib\encodings\cp1252.py", line 23, in decode
2026-04-17T20:56:38.5518966Z       return codecs.charmap_decode(input,self.errors,decoding_table)[0]
2026-04-17T20:56:38.5519480Z   UnicodeDecodeError: 'charmap' codec can't decode byte 0x8f in position 651: character maps to <undefined>
2026-04-17T20:56:38.5692471Z   error: subprocess-exited-with-error
2026-04-17T20:56:38.5693374Z   
2026-04-17T20:56:38.5694093Z   python setup.py egg_info did not run successfully.
2026-04-17T20:56:38.5697560Z   exit code: 1
2026-04-17T20:56:38.5698000Z   
2026-04-17T20:56:38.5698698Z   See above for output.
2026-04-17T20:56:38.5699252Z   
2026-04-17T20:56:38.5700030Z   note: This error originates from a subprocess, and is likely not a problem with pip.
2026-04-17T20:56:38.5711695Z   full command: 'D:\bld\als-finder_1776459140243\_h_env\python.exe' -c '
2026-04-17T20:56:38.5714765Z   exec(compile('"'"''"'"''"'"'
2026-04-17T20:56:38.5716212Z   # This is <pip-setuptools-caller> -- a caller that pip uses to run setup.py
2026-04-17T20:56:38.5716781Z   #
2026-04-17T20:56:38.5717307Z   # - It imports setuptools before invoking setup.py, to enable projects that directly
2026-04-17T20:56:38.5717907Z   #   import from `distutils.core` to work with newer packaging standards.
2026-04-17T20:56:38.5718499Z   # - It provides a clear error message when setuptools is not installed.
2026-04-17T20:56:38.5719075Z   # - It sets `sys.argv[0]` to the underlying `setup.py`, when invoking `setup.py` so
2026-04-17T20:56:38.5722309Z   #   setuptools doesn'"'"'t think the script is `-c`. This avoids the following warning:
2026-04-17T20:56:38.5723123Z   #     manifest_maker: standard file '"'"'-c'"'"' not found".
2026-04-17T20:56:38.5723730Z   # - It generates a shim setup.py, for handling setup.cfg-only projects.
2026-04-17T20:56:38.5724293Z   import os, sys, tokenize
2026-04-17T20:56:38.5724831Z   
2026-04-17T20:56:38.5734131Z   try:
2026-04-17T20:56:38.5736224Z   Preparing metadata (setup.py): finished with status 'error'
2026-04-17T20:56:38.5736842Z       import setuptools
2026-04-17T20:56:38.5737685Z   except ImportError as error:
2026-04-17T20:56:38.5738945Z       print(
2026-04-17T20:56:38.5749892Z           "ERROR: Can not execute `setup.py` since setuptools is not available in "
2026-04-17T20:56:38.5751030Z           "the build environment.",
2026-04-17T20:56:38.5761781Z           file=sys.stderr,
2026-04-17T20:56:38.5763399Z       )
2026-04-17T20:56:38.5764200Z       sys.exit(1)
2026-04-17T20:56:38.5764758Z   
2026-04-17T20:56:38.5765239Z   __file__ = %r
2026-04-17T20:56:38.5765889Z   sys.argv[0] = __file__
2026-04-17T20:56:38.5766451Z   
2026-04-17T20:56:38.5769838Z   if os.path.exists(__file__):
2026-04-17T20:56:38.5770340Z       filename = __file__
2026-04-17T20:56:38.5771128Z       with tokenize.open(__file__) as f:
2026-04-17T20:56:38.5771785Z           setup_py_code = f.read()
2026-04-17T20:56:38.5772385Z   else:
2026-04-17T20:56:38.5773304Z       filename = "<auto-generated setuptools caller>"
2026-04-17T20:56:38.5773946Z       setup_py_code = "from setuptools import setup; setup()"
2026-04-17T20:56:38.5776371Z   
2026-04-17T20:56:38.5776989Z   exec(compile(setup_py_code, filename, "exec"))
2026-04-17T20:56:38.5778046Z   '"'"''"'"''"'"' % ('"'"'D:\\bld\\als-finder_1776459140243\\work\\setup.py'"'"',), "<pip-setuptools-caller>", "exec"))' egg_info --egg-base 'C:\Users\VssAdministrator\AppData\Local\Temp\pip-pip-egg-info-2uu6wl3m'
2026-04-17T20:56:38.5778845Z   cwd: D:\bld\als-finder_1776459140243\work\\
2026-04-17T20:56:38.5779374Z error: metadata-generation-failed
2026-04-17T20:56:38.3348909Z   Preparing metadata (setup.py): started
2026-04-17T20:56:38.3352086Z   Running command python setup.py egg_info
2026-04-17T20:56:38.5491875Z   Traceback (most recent call last):
2026-04-17T20:56:38.5513074Z     File "<string>", line 2, in <module>
2026-04-17T20:56:38.5513989Z     File "<pip-setuptools-caller>", line 34, in <module>
2026-04-17T20:56:38.5517357Z     File "D:\bld\als-finder_1776459140243\work\setup.py", line 8, in <module>
2026-04-17T20:56:38.5517977Z       long_description=open("README.md").read(),
2026-04-17T20:56:38.5518463Z     File "D:\bld\als-finder_1776459140243\_h_env\lib\encodings\cp1252.py", line 23, in decode
2026-04-17T20:56:38.5518971Z       return codecs.charmap_decode(input,self.errors,decoding_table)[0]
2026-04-17T20:56:38.5519495Z   UnicodeDecodeError: 'charmap' codec can't decode byte 0x8f in position 651: character maps to <undefined>
2026-04-17T20:56:38.5692569Z   error: subprocess-exited-with-error
2026-04-17T20:56:38.5693384Z   
2026-04-17T20:56:38.5694102Z   python setup.py egg_info did not run successfully.
2026-04-17T20:56:38.5697572Z   exit code: 1
2026-04-17T20:56:38.5698045Z   
2026-04-17T20:56:38.5698707Z   See above for output.
2026-04-17T20:56:38.5699259Z   
2026-04-17T20:56:38.5700039Z   note: This error originates from a subprocess, and is likely not a problem with pip.
2026-04-17T20:56:38.5711709Z   full command: 'D:\bld\als-finder_1776459140243\_h_env\python.exe' -c '
2026-04-17T20:56:38.5714780Z   exec(compile('"'"''"'"''"'"'
2026-04-17T20:56:38.5716225Z   # This is <pip-setuptools-caller> -- a caller that pip uses to run setup.py
2026-04-17T20:56:38.5716789Z   #
2026-04-17T20:56:38.5717314Z   # - It imports setuptools before invoking setup.py, to enable projects that directly
2026-04-17T20:56:38.5717924Z   #   import from `distutils.core` to work with newer packaging standards.
2026-04-17T20:56:38.5718506Z   # - It provides a clear error message when setuptools is not installed.
2026-04-17T20:56:38.5719143Z   # - It sets `sys.argv[0]` to the underlying `setup.py`, when invoking `setup.py` so
2026-04-17T20:56:38.5722331Z   #   setuptools doesn'"'"'t think the script is `-c`. This avoids the following warning:
2026-04-17T20:56:38.5723134Z   #     manifest_maker: standard file '"'"'-c'"'"' not found".
2026-04-17T20:56:38.5723739Z   # - It generates a shim setup.py, for handling setup.cfg-only projects.
2026-04-17T20:56:38.5724300Z   import os, sys, tokenize
2026-04-17T20:56:38.5724838Z   
2026-04-17T20:56:38.5734146Z   try:
2026-04-17T20:56:38.5736238Z   Preparing metadata (setup.py): finished with status 'error'
2026-04-17T20:56:38.5736904Z       import setuptools
2026-04-17T20:56:38.5737691Z   except ImportError as error:
2026-04-17T20:56:38.5738957Z       print(
2026-04-17T20:56:38.5750081Z           "ERROR: Can not execute `setup.py` since setuptools is not available in "
2026-04-17T20:56:38.5751041Z           "the build environment.",
2026-04-17T20:56:38.5761797Z           file=sys.stderr,
2026-04-17T20:56:38.5763412Z       )
2026-04-17T20:56:38.5764212Z       sys.exit(1)
2026-04-17T20:56:38.5764767Z   
2026-04-17T20:56:38.5765246Z   __file__ = %r
2026-04-17T20:56:38.5765896Z   sys.argv[0] = __file__
2026-04-17T20:56:38.5766458Z   
2026-04-17T20:56:38.5769854Z   if os.path.exists(__file__):
2026-04-17T20:56:38.5770347Z       filename = __file__
2026-04-17T20:56:38.5771141Z       with tokenize.open(__file__) as f:
2026-04-17T20:56:38.5771794Z           setup_py_code = f.read()
2026-04-17T20:56:38.5772392Z   else:
2026-04-17T20:56:38.5773315Z       filename = "<auto-generated setuptools caller>"
2026-04-17T20:56:38.5773958Z       setup_py_code = "from setuptools import setup; setup()"
2026-04-17T20:56:38.5776385Z   
2026-04-17T20:56:38.5776997Z   exec(compile(setup_py_code, filename, "exec"))
2026-04-17T20:56:38.5778067Z   '"'"''"'"''"'"' % ('"'"'D:\\bld\\als-finder_1776459140243\\work\\setup.py'"'"',), "<pip-setuptools-caller>", "exec"))' egg_info --egg-base 'C:\Users\VssAdministrator\AppData\Local\Temp\pip-pip-egg-info-2uu6wl3m'
2026-04-17T20:56:38.5778855Z   cwd: D:\bld\als-finder_1776459140243\work\\
2026-04-17T20:56:38.5779381Z error: metadata-generation-failed
